2025-08-21 00:00:00.275 +08:00 [INF] SystemMonitor.Service.Worker Worker running at: "2025-08-21T00:00:00.2757965+08:00"
2025-08-21 00:00:01.285 +08:00 [INF] SystemMonitor.Service.Worker Worker running at: "2025-08-21T00:00:01.2854398+08:00"
2025-08-21 00:00:02.289 +08:00 [INF] SystemMonitor.Service.Worker Worker running at: "2025-08-21T00:00:02.2897600+08:00"
2025-08-21 00:00:03.300 +08:00 [INF] SystemMonitor.Service.Worker Worker running at: "2025-08-21T00:00:03.3001155+08:00"
2025-08-21 00:00:04.310 +08:00 [INF] SystemMonitor.Service.Worker Worker running at: "2025-08-21T00:00:04.3106208+08:00"
2025-08-21 00:00:05.329 +08:00 [INF] SystemMonitor.Service.Worker Worker running at: "2025-08-21T00:00:05.3291767+08:00"
2025-08-21 00:00:06.337 +08:00 [INF] SystemMonitor.Service.Worker Worker running at: "2025-08-21T00:00:06.3379019+08:00"
2025-08-21 00:00:07.348 +08:00 [INF] SystemMonitor.Service.Worker Worker running at: "2025-08-21T00:00:07.3479616+08:00"
2025-08-21 00:00:08.353 +08:00 [INF] SystemMonitor.Service.Worker Worker running at: "2025-08-21T00:00:08.3537287+08:00"
2025-08-21 00:00:09.361 +08:00 [INF] SystemMonitor.Service.Worker Worker running at: "2025-08-21T00:00:09.3614904+08:00"
2025-08-21 00:00:10.370 +08:00 [INF] SystemMonitor.Service.Worker Worker running at: "2025-08-21T00:00:10.3709112+08:00"
2025-08-21 00:00:11.378 +08:00 [INF] SystemMonitor.Service.Worker Worker running at: "2025-08-21T00:00:11.3780588+08:00"
2025-08-21 00:00:12.386 +08:00 [INF] SystemMonitor.Service.Worker Worker running at: "2025-08-21T00:00:12.3863347+08:00"
2025-08-21 00:00:13.393 +08:00 [INF] SystemMonitor.Service.Worker Worker running at: "2025-08-21T00:00:13.3936913+08:00"
2025-08-21 00:00:14.402 +08:00 [INF] SystemMonitor.Service.Worker Worker running at: "2025-08-21T00:00:14.4027379+08:00"
2025-08-21 00:00:15.412 +08:00 [INF] SystemMonitor.Service.Worker Worker running at: "2025-08-21T00:00:15.4126035+08:00"
2025-08-21 00:00:16.423 +08:00 [INF] SystemMonitor.Service.Worker Worker running at: "2025-08-21T00:00:16.4238354+08:00"
2025-08-21 00:00:17.431 +08:00 [INF] SystemMonitor.Service.Worker Worker running at: "2025-08-21T00:00:17.4313168+08:00"
2025-08-21 00:00:18.438 +08:00 [INF] SystemMonitor.Service.Worker Worker running at: "2025-08-21T00:00:18.4385949+08:00"
2025-08-21 00:00:19.442 +08:00 [INF] SystemMonitor.Service.Worker Worker running at: "2025-08-21T00:00:19.4424060+08:00"
2025-08-21 00:00:20.448 +08:00 [INF] SystemMonitor.Service.Worker Worker running at: "2025-08-21T00:00:20.4483105+08:00"
2025-08-21 00:00:21.457 +08:00 [INF] SystemMonitor.Service.Worker Worker running at: "2025-08-21T00:00:21.4571533+08:00"
2025-08-21 00:00:22.469 +08:00 [INF] SystemMonitor.Service.Worker Worker running at: "2025-08-21T00:00:22.4692366+08:00"
2025-08-21 00:00:23.477 +08:00 [INF] SystemMonitor.Service.Worker Worker running at: "2025-08-21T00:00:23.4770227+08:00"
2025-08-21 00:00:24.487 +08:00 [INF] SystemMonitor.Service.Worker Worker running at: "2025-08-21T00:00:24.4876327+08:00"
2025-08-21 00:00:25.495 +08:00 [INF] SystemMonitor.Service.Worker Worker running at: "2025-08-21T00:00:25.4955463+08:00"
2025-08-21 00:00:26.502 +08:00 [INF] SystemMonitor.Service.Worker Worker running at: "2025-08-21T00:00:26.5028710+08:00"
2025-08-21 00:00:27.509 +08:00 [INF] SystemMonitor.Service.Worker Worker running at: "2025-08-21T00:00:27.5094294+08:00"
2025-08-21 00:00:28.514 +08:00 [INF] SystemMonitor.Service.Worker Worker running at: "2025-08-21T00:00:28.5140525+08:00"
2025-08-21 00:00:29.517 +08:00 [INF] SystemMonitor.Service.Worker Worker running at: "2025-08-21T00:00:29.5175087+08:00"
2025-08-21 00:00:30.522 +08:00 [INF] SystemMonitor.Service.Worker Worker running at: "2025-08-21T00:00:30.5220064+08:00"
2025-08-21 00:00:31.532 +08:00 [INF] SystemMonitor.Service.Worker Worker running at: "2025-08-21T00:00:31.5324409+08:00"
2025-08-21 00:00:32.539 +08:00 [INF] SystemMonitor.Service.Worker Worker running at: "2025-08-21T00:00:32.5390387+08:00"
2025-08-21 00:00:33.551 +08:00 [INF] SystemMonitor.Service.Worker Worker running at: "2025-08-21T00:00:33.5511897+08:00"
2025-08-21 00:00:34.560 +08:00 [INF] SystemMonitor.Service.Worker Worker running at: "2025-08-21T00:00:34.5602246+08:00"
2025-08-21 00:00:35.566 +08:00 [INF] SystemMonitor.Service.Worker Worker running at: "2025-08-21T00:00:35.5665422+08:00"
2025-08-21 00:00:36.574 +08:00 [INF] SystemMonitor.Service.Worker Worker running at: "2025-08-21T00:00:36.5747577+08:00"
2025-08-21 00:00:37.587 +08:00 [INF] SystemMonitor.Service.Worker Worker running at: "2025-08-21T00:00:37.5870540+08:00"
2025-08-21 00:00:38.593 +08:00 [INF] SystemMonitor.Service.Worker Worker running at: "2025-08-21T00:00:38.5933850+08:00"
2025-08-21 00:00:39.600 +08:00 [INF] SystemMonitor.Service.Worker Worker running at: "2025-08-21T00:00:39.6004950+08:00"
2025-08-21 00:00:40.609 +08:00 [INF] SystemMonitor.Service.Worker Worker running at: "2025-08-21T00:00:40.6091365+08:00"
2025-08-21 00:00:41.616 +08:00 [INF] SystemMonitor.Service.Worker Worker running at: "2025-08-21T00:00:41.6161952+08:00"
2025-08-21 00:00:42.616 +08:00 [INF] SystemMonitor.Service.Worker Worker running at: "2025-08-21T00:00:42.6167163+08:00"
2025-08-21 00:00:43.620 +08:00 [INF] SystemMonitor.Service.Worker Worker running at: "2025-08-21T00:00:43.6205041+08:00"
2025-08-21 00:00:44.628 +08:00 [INF] SystemMonitor.Service.Worker Worker running at: "2025-08-21T00:00:44.6282707+08:00"
2025-08-21 00:00:45.640 +08:00 [INF] SystemMonitor.Service.Worker Worker running at: "2025-08-21T00:00:45.6402527+08:00"
2025-08-21 00:00:46.649 +08:00 [INF] SystemMonitor.Service.Worker Worker running at: "2025-08-21T00:00:46.6490918+08:00"
2025-08-21 00:00:47.654 +08:00 [INF] SystemMonitor.Service.Worker Worker running at: "2025-08-21T00:00:47.6541885+08:00"
2025-08-21 00:00:48.663 +08:00 [INF] SystemMonitor.Service.Worker Worker running at: "2025-08-21T00:00:48.6633398+08:00"
2025-08-21 00:00:49.672 +08:00 [INF] SystemMonitor.Service.Worker Worker running at: "2025-08-21T00:00:49.6727084+08:00"
2025-08-21 00:00:50.680 +08:00 [INF] SystemMonitor.Service.Worker Worker running at: "2025-08-21T00:00:50.6807779+08:00"
2025-08-21 00:00:51.690 +08:00 [INF] SystemMonitor.Service.Worker Worker running at: "2025-08-21T00:00:51.6903897+08:00"
2025-08-21 00:00:52.696 +08:00 [INF] SystemMonitor.Service.Worker Worker running at: "2025-08-21T00:00:52.6963654+08:00"
2025-08-21 00:00:53.700 +08:00 [INF] SystemMonitor.Service.Worker Worker running at: "2025-08-21T00:00:53.7002490+08:00"
2025-08-21 00:00:54.704 +08:00 [INF] SystemMonitor.Service.Worker Worker running at: "2025-08-21T00:00:54.7040423+08:00"
2025-08-21 00:00:55.714 +08:00 [INF] SystemMonitor.Service.Worker Worker running at: "2025-08-21T00:00:55.7145506+08:00"
2025-08-21 00:00:56.719 +08:00 [INF] SystemMonitor.Service.Worker Worker running at: "2025-08-21T00:00:56.7197758+08:00"
2025-08-21 00:00:57.732 +08:00 [INF] SystemMonitor.Service.Worker Worker running at: "2025-08-21T00:00:57.7322153+08:00"
2025-08-21 00:00:58.745 +08:00 [INF] SystemMonitor.Service.Worker Worker running at: "2025-08-21T00:00:58.7458435+08:00"
2025-08-21 00:00:59.756 +08:00 [INF] SystemMonitor.Service.Worker Worker running at: "2025-08-21T00:00:59.7567237+08:00"
2025-08-21 00:01:00.763 +08:00 [INF] SystemMonitor.Service.Worker Worker running at: "2025-08-21T00:01:00.7632749+08:00"
2025-08-21 00:01:01.765 +08:00 [INF] SystemMonitor.Service.Worker Worker running at: "2025-08-21T00:01:01.7654231+08:00"
2025-08-21 00:01:02.773 +08:00 [INF] SystemMonitor.Service.Worker Worker running at: "2025-08-21T00:01:02.7735500+08:00"
2025-08-21 00:01:03.782 +08:00 [INF] SystemMonitor.Service.Worker Worker running at: "2025-08-21T00:01:03.7826663+08:00"
2025-08-21 00:01:04.790 +08:00 [INF] SystemMonitor.Service.Worker Worker running at: "2025-08-21T00:01:04.7905351+08:00"
2025-08-21 00:01:05.798 +08:00 [INF] SystemMonitor.Service.Worker Worker running at: "2025-08-21T00:01:05.7980640+08:00"
2025-08-21 00:01:06.806 +08:00 [INF] SystemMonitor.Service.Worker Worker running at: "2025-08-21T00:01:06.8065053+08:00"
2025-08-21 00:01:07.813 +08:00 [INF] SystemMonitor.Service.Worker Worker running at: "2025-08-21T00:01:07.8135493+08:00"
2025-08-21 00:01:08.827 +08:00 [INF] SystemMonitor.Service.Worker Worker running at: "2025-08-21T00:01:08.8274587+08:00"
2025-08-21 00:01:09.838 +08:00 [INF] SystemMonitor.Service.Worker Worker running at: "2025-08-21T00:01:09.8384797+08:00"
2025-08-21 00:01:10.843 +08:00 [INF] SystemMonitor.Service.Worker Worker running at: "2025-08-21T00:01:10.8434112+08:00"
2025-08-21 00:01:11.855 +08:00 [INF] SystemMonitor.Service.Worker Worker running at: "2025-08-21T00:01:11.8550281+08:00"
2025-08-21 00:01:12.866 +08:00 [INF] SystemMonitor.Service.Worker Worker running at: "2025-08-21T00:01:12.8667648+08:00"
2025-08-21 00:01:13.873 +08:00 [INF] SystemMonitor.Service.Worker Worker running at: "2025-08-21T00:01:13.8739229+08:00"
2025-08-21 00:01:14.878 +08:00 [INF] SystemMonitor.Service.Worker Worker running at: "2025-08-21T00:01:14.8787020+08:00"
2025-08-21 00:01:15.884 +08:00 [INF] SystemMonitor.Service.Worker Worker running at: "2025-08-21T00:01:15.8841017+08:00"
2025-08-21 00:01:16.894 +08:00 [INF] SystemMonitor.Service.Worker Worker running at: "2025-08-21T00:01:16.8947719+08:00"
2025-08-21 00:01:17.901 +08:00 [INF] SystemMonitor.Service.Worker Worker running at: "2025-08-21T00:01:17.9012994+08:00"
2025-08-21 00:01:18.916 +08:00 [INF] SystemMonitor.Service.Worker Worker running at: "2025-08-21T00:01:18.9160610+08:00"
2025-08-21 00:01:19.918 +08:00 [INF] SystemMonitor.Service.Worker Worker running at: "2025-08-21T00:01:19.9189323+08:00"
2025-08-21 00:01:20.923 +08:00 [INF] SystemMonitor.Service.Worker Worker running at: "2025-08-21T00:01:20.9230287+08:00"
2025-08-21 00:01:21.931 +08:00 [INF] SystemMonitor.Service.Worker Worker running at: "2025-08-21T00:01:21.9312128+08:00"
2025-08-21 00:01:22.941 +08:00 [INF] SystemMonitor.Service.Worker Worker running at: "2025-08-21T00:01:22.9412284+08:00"
2025-08-21 00:01:23.945 +08:00 [INF] SystemMonitor.Service.Worker Worker running at: "2025-08-21T00:01:23.9451905+08:00"
2025-08-21 00:01:24.953 +08:00 [INF] SystemMonitor.Service.Worker Worker running at: "2025-08-21T00:01:24.9532955+08:00"
2025-08-21 00:01:25.959 +08:00 [INF] SystemMonitor.Service.Worker Worker running at: "2025-08-21T00:01:25.9589814+08:00"
2025-08-21 00:01:26.969 +08:00 [INF] SystemMonitor.Service.Worker Worker running at: "2025-08-21T00:01:26.9690548+08:00"
2025-08-21 00:01:27.973 +08:00 [INF] SystemMonitor.Service.Worker Worker running at: "2025-08-21T00:01:27.9737187+08:00"
2025-08-21 00:01:28.985 +08:00 [INF] SystemMonitor.Service.Worker Worker running at: "2025-08-21T00:01:28.9854691+08:00"
2025-08-21 00:01:29.990 +08:00 [INF] SystemMonitor.Service.Worker Worker running at: "2025-08-21T00:01:29.9906336+08:00"
2025-08-21 00:01:31.005 +08:00 [INF] SystemMonitor.Service.Worker Worker running at: "2025-08-21T00:01:31.0050974+08:00"
2025-08-21 00:01:31.246 +08:00 [INF] SystemMonitor.Service.Services.RpcHostedService 客户端已连接
2025-08-21 00:01:31.263 +08:00 [INF] SystemMonitor.Service.Services.RpcHostedService 客户端已连接
2025-08-21 00:01:31.314 +08:00 [INF] SystemMonitor.Service.Services.RpcHostedService subscribe_metrics: enable=true
2025-08-21 00:01:31.315 +08:00 [INF] SystemMonitor.Service.Services.RpcHostedService hello ok: app=fe-mock proto=1 caps=[] session_id=5e22ef9e-ab57-4089-ba61-c0db09895f26
2025-08-21 00:01:31.331 +08:00 [INF] SystemMonitor.Service.Services.RpcHostedService 客户端断开：已达到流的结尾。
2025-08-21 00:01:31.344 +08:00 [INF] SystemMonitor.Service.Services.RpcHostedService 客户端已连接
2025-08-21 00:01:31.345 +08:00 [INF] SystemMonitor.Service.Services.RpcHostedService subscribe_metrics: enable=true
2025-08-21 00:01:31.346 +08:00 [INF] SystemMonitor.Service.Services.RpcHostedService 客户端断开：已达到流的结尾。
2025-08-21 00:01:32.005 +08:00 [INF] SystemMonitor.Service.Worker Worker running at: "2025-08-21T00:01:32.0059194+08:00"
2025-08-21 00:01:33.020 +08:00 [INF] SystemMonitor.Service.Worker Worker running at: "2025-08-21T00:01:33.0208199+08:00"
2025-08-21 00:01:34.029 +08:00 [INF] SystemMonitor.Service.Worker Worker running at: "2025-08-21T00:01:34.0290098+08:00"
2025-08-21 00:01:35.034 +08:00 [INF] SystemMonitor.Service.Worker Worker running at: "2025-08-21T00:01:35.0343232+08:00"
2025-08-21 00:01:36.040 +08:00 [INF] SystemMonitor.Service.Worker Worker running at: "2025-08-21T00:01:36.0402020+08:00"
2025-08-21 00:01:37.052 +08:00 [INF] SystemMonitor.Service.Worker Worker running at: "2025-08-21T00:01:37.0525055+08:00"
2025-08-21 00:01:38.055 +08:00 [INF] SystemMonitor.Service.Worker Worker running at: "2025-08-21T00:01:38.0557923+08:00"
2025-08-21 00:01:39.068 +08:00 [INF] SystemMonitor.Service.Worker Worker running at: "2025-08-21T00:01:39.0681430+08:00"
2025-08-21 00:01:40.072 +08:00 [INF] SystemMonitor.Service.Worker Worker running at: "2025-08-21T00:01:40.0726551+08:00"
2025-08-21 00:01:41.079 +08:00 [INF] SystemMonitor.Service.Worker Worker running at: "2025-08-21T00:01:41.0797992+08:00"
2025-08-21 00:01:42.085 +08:00 [INF] SystemMonitor.Service.Worker Worker running at: "2025-08-21T00:01:42.0858888+08:00"
2025-08-21 00:01:43.090 +08:00 [INF] SystemMonitor.Service.Worker Worker running at: "2025-08-21T00:01:43.0900978+08:00"
2025-08-21 00:01:44.097 +08:00 [INF] SystemMonitor.Service.Worker Worker running at: "2025-08-21T00:01:44.0977614+08:00"
2025-08-21 00:01:45.101 +08:00 [INF] SystemMonitor.Service.Worker Worker running at: "2025-08-21T00:01:45.1017903+08:00"
2025-08-21 00:01:46.105 +08:00 [INF] SystemMonitor.Service.Worker Worker running at: "2025-08-21T00:01:46.1058434+08:00"
2025-08-21 00:01:47.119 +08:00 [INF] SystemMonitor.Service.Worker Worker running at: "2025-08-21T00:01:47.1193385+08:00"
2025-08-21 00:01:48.124 +08:00 [INF] SystemMonitor.Service.Worker Worker running at: "2025-08-21T00:01:48.1247235+08:00"
2025-08-21 00:01:49.135 +08:00 [INF] SystemMonitor.Service.Worker Worker running at: "2025-08-21T00:01:49.1350878+08:00"
2025-08-21 00:01:50.144 +08:00 [INF] SystemMonitor.Service.Worker Worker running at: "2025-08-21T00:01:50.1443141+08:00"
2025-08-21 00:01:51.151 +08:00 [INF] SystemMonitor.Service.Worker Worker running at: "2025-08-21T00:01:51.1510395+08:00"
2025-08-21 00:01:52.156 +08:00 [INF] SystemMonitor.Service.Worker Worker running at: "2025-08-21T00:01:52.1564304+08:00"
2025-08-21 00:01:53.165 +08:00 [INF] SystemMonitor.Service.Worker Worker running at: "2025-08-21T00:01:53.1650740+08:00"
2025-08-21 00:01:54.177 +08:00 [INF] SystemMonitor.Service.Worker Worker running at: "2025-08-21T00:01:54.1774688+08:00"
2025-08-21 00:01:55.179 +08:00 [INF] SystemMonitor.Service.Worker Worker running at: "2025-08-21T00:01:55.1798721+08:00"
2025-08-21 00:01:56.185 +08:00 [INF] SystemMonitor.Service.Worker Worker running at: "2025-08-21T00:01:56.1855539+08:00"
2025-08-21 00:01:57.193 +08:00 [INF] SystemMonitor.Service.Worker Worker running at: "2025-08-21T00:01:57.1938029+08:00"
2025-08-21 00:01:58.201 +08:00 [INF] SystemMonitor.Service.Worker Worker running at: "2025-08-21T00:01:58.2017349+08:00"
2025-08-21 00:01:59.205 +08:00 [INF] SystemMonitor.Service.Worker Worker running at: "2025-08-21T00:01:59.2053379+08:00"
2025-08-21 00:02:00.213 +08:00 [INF] SystemMonitor.Service.Worker Worker running at: "2025-08-21T00:02:00.2137739+08:00"
2025-08-21 00:02:00.363 +08:00 [INF] SystemMonitor.Service.Services.RpcHostedService 客户端已连接
2025-08-21 00:02:00.377 +08:00 [INF] SystemMonitor.Service.Services.RpcHostedService 客户端断开：已达到流的结尾。
2025-08-21 00:02:01.224 +08:00 [INF] SystemMonitor.Service.Worker Worker running at: "2025-08-21T00:02:01.2243483+08:00"
2025-08-21 00:02:02.240 +08:00 [INF] SystemMonitor.Service.Worker Worker running at: "2025-08-21T00:02:02.2400073+08:00"
2025-08-21 00:02:02.265 +08:00 [INF] SystemMonitor.Service.Services.RpcHostedService 客户端已连接
2025-08-21 00:02:02.266 +08:00 [INF] SystemMonitor.Service.Services.RpcHostedService snapshot called, modules=*
2025-08-21 00:02:02.269 +08:00 [INF] SystemMonitor.Service.Services.RpcHostedService 客户端断开：已达到流的结尾。
2025-08-21 00:02:03.255 +08:00 [INF] SystemMonitor.Service.Worker Worker running at: "2025-08-21T00:02:03.2550618+08:00"
2025-08-21 00:02:03.657 +08:00 [INF] SystemMonitor.Service.Services.RpcHostedService 客户端已连接
2025-08-21 00:02:03.658 +08:00 [INF] SystemMonitor.Service.Services.RpcHostedService snapshot called, modules=*
2025-08-21 00:02:03.659 +08:00 [INF] SystemMonitor.Service.Services.RpcHostedService 客户端断开：已达到流的结尾。
2025-08-21 00:02:04.258 +08:00 [INF] SystemMonitor.Service.Worker Worker running at: "2025-08-21T00:02:04.2582130+08:00"
2025-08-21 00:02:05.263 +08:00 [INF] SystemMonitor.Service.Worker Worker running at: "2025-08-21T00:02:05.2637985+08:00"
2025-08-21 00:02:06.213 +08:00 [INF] SystemMonitor.Service.Services.RpcHostedService 客户端已连接
2025-08-21 00:02:06.216 +08:00 [INF] SystemMonitor.Service.Services.RpcHostedService 客户端断开：已达到流的结尾。
2025-08-21 00:02:06.272 +08:00 [INF] SystemMonitor.Service.Worker Worker running at: "2025-08-21T00:02:06.2726575+08:00"
2025-08-21 00:02:06.954 +08:00 [INF] SystemMonitor.Service.Services.RpcHostedService 客户端已连接
2025-08-21 00:02:06.955 +08:00 [INF] SystemMonitor.Service.Services.RpcHostedService 客户端断开：已达到流的结尾。
2025-08-21 00:02:07.186 +08:00 [INF] SystemMonitor.Service.Services.RpcHostedService 客户端已连接
2025-08-21 00:02:07.188 +08:00 [INF] SystemMonitor.Service.Services.RpcHostedService 客户端断开：已达到流的结尾。
2025-08-21 00:02:07.274 +08:00 [INF] SystemMonitor.Service.Worker Worker running at: "2025-08-21T00:02:07.2746797+08:00"
2025-08-21 00:02:07.386 +08:00 [INF] SystemMonitor.Service.Services.RpcHostedService 客户端已连接
2025-08-21 00:02:07.387 +08:00 [INF] SystemMonitor.Service.Services.RpcHostedService 客户端断开：已达到流的结尾。
2025-08-21 00:02:07.571 +08:00 [INF] SystemMonitor.Service.Services.RpcHostedService 客户端已连接
2025-08-21 00:02:07.573 +08:00 [INF] SystemMonitor.Service.Services.RpcHostedService 客户端断开：已达到流的结尾。
2025-08-21 00:02:07.721 +08:00 [INF] SystemMonitor.Service.Services.RpcHostedService 客户端已连接
2025-08-21 00:02:07.723 +08:00 [INF] SystemMonitor.Service.Services.RpcHostedService 客户端断开：已达到流的结尾。
2025-08-21 00:02:07.904 +08:00 [INF] SystemMonitor.Service.Services.RpcHostedService 客户端已连接
2025-08-21 00:02:07.905 +08:00 [INF] SystemMonitor.Service.Services.RpcHostedService 客户端断开：已达到流的结尾。
2025-08-21 00:02:08.071 +08:00 [INF] SystemMonitor.Service.Services.RpcHostedService 客户端已连接
2025-08-21 00:02:08.072 +08:00 [INF] SystemMonitor.Service.Services.RpcHostedService 客户端断开：已达到流的结尾。
2025-08-21 00:02:08.236 +08:00 [INF] SystemMonitor.Service.Services.RpcHostedService 客户端已连接
2025-08-21 00:02:08.238 +08:00 [INF] SystemMonitor.Service.Services.RpcHostedService 客户端断开：已达到流的结尾。
2025-08-21 00:02:08.276 +08:00 [INF] SystemMonitor.Service.Worker Worker running at: "2025-08-21T00:02:08.2766620+08:00"
2025-08-21 00:02:08.387 +08:00 [INF] SystemMonitor.Service.Services.RpcHostedService 客户端已连接
2025-08-21 00:02:08.389 +08:00 [INF] SystemMonitor.Service.Services.RpcHostedService 客户端断开：已达到流的结尾。
2025-08-21 00:02:08.804 +08:00 [INF] SystemMonitor.Service.Services.RpcHostedService 客户端已连接
2025-08-21 00:02:08.805 +08:00 [INF] SystemMonitor.Service.Services.RpcHostedService 客户端断开：已达到流的结尾。
2025-08-21 00:02:09.004 +08:00 [INF] SystemMonitor.Service.Services.RpcHostedService 客户端已连接
2025-08-21 00:02:09.005 +08:00 [INF] SystemMonitor.Service.Services.RpcHostedService 客户端断开：已达到流的结尾。
2025-08-21 00:02:09.238 +08:00 [INF] SystemMonitor.Service.Services.RpcHostedService 客户端已连接
2025-08-21 00:02:09.240 +08:00 [INF] SystemMonitor.Service.Services.RpcHostedService 客户端断开：已达到流的结尾。
2025-08-21 00:02:09.280 +08:00 [INF] SystemMonitor.Service.Worker Worker running at: "2025-08-21T00:02:09.2809686+08:00"
2025-08-21 00:02:09.422 +08:00 [INF] SystemMonitor.Service.Services.RpcHostedService 客户端已连接
2025-08-21 00:02:09.423 +08:00 [INF] SystemMonitor.Service.Services.RpcHostedService 客户端断开：已达到流的结尾。
2025-08-21 00:02:09.606 +08:00 [INF] SystemMonitor.Service.Services.RpcHostedService 客户端已连接
2025-08-21 00:02:09.607 +08:00 [INF] SystemMonitor.Service.Services.RpcHostedService 客户端断开：已达到流的结尾。
2025-08-21 00:02:09.805 +08:00 [INF] SystemMonitor.Service.Services.RpcHostedService 客户端已连接
2025-08-21 00:02:09.806 +08:00 [INF] SystemMonitor.Service.Services.RpcHostedService 客户端断开：已达到流的结尾。
2025-08-21 00:02:10.287 +08:00 [INF] SystemMonitor.Service.Worker Worker running at: "2025-08-21T00:02:10.2877660+08:00"
2025-08-21 00:02:11.288 +08:00 [INF] SystemMonitor.Service.Worker Worker running at: "2025-08-21T00:02:11.2887664+08:00"
2025-08-21 00:02:12.293 +08:00 [INF] SystemMonitor.Service.Worker Worker running at: "2025-08-21T00:02:12.2931515+08:00"
2025-08-21 00:02:13.300 +08:00 [INF] SystemMonitor.Service.Worker Worker running at: "2025-08-21T00:02:13.3006323+08:00"
2025-08-21 00:02:14.325 +08:00 [INF] SystemMonitor.Service.Worker Worker running at: "2025-08-21T00:02:14.3255263+08:00"
2025-08-21 00:02:14.376 +08:00 [INF] SystemMonitor.Service.Services.RpcHostedService 客户端已连接
2025-08-21 00:02:14.392 +08:00 [INF] SystemMonitor.Service.Services.RpcHostedService 客户端断开：已达到流的结尾。
2025-08-21 00:02:15.328 +08:00 [INF] SystemMonitor.Service.Worker Worker running at: "2025-08-21T00:02:15.3280592+08:00"
2025-08-21 00:02:16.337 +08:00 [INF] SystemMonitor.Service.Worker Worker running at: "2025-08-21T00:02:16.3372408+08:00"
2025-08-21 00:02:17.345 +08:00 [INF] SystemMonitor.Service.Worker Worker running at: "2025-08-21T00:02:17.3455845+08:00"
2025-08-21 00:02:17.507 +08:00 [INF] SystemMonitor.Service.Services.RpcHostedService 客户端已连接
2025-08-21 00:02:17.509 +08:00 [INF] SystemMonitor.Service.Services.RpcHostedService 客户端断开：已达到流的结尾。
2025-08-21 00:02:18.349 +08:00 [INF] SystemMonitor.Service.Worker Worker running at: "2025-08-21T00:02:18.3494259+08:00"
2025-08-21 00:02:19.355 +08:00 [INF] SystemMonitor.Service.Worker Worker running at: "2025-08-21T00:02:19.3557490+08:00"
2025-08-21 00:02:19.748 +08:00 [INF] SystemMonitor.Service.Services.RpcHostedService 客户端已连接
2025-08-21 00:02:19.750 +08:00 [INF] SystemMonitor.Service.Services.RpcHostedService 客户端断开：已达到流的结尾。
2025-08-21 00:02:20.296 +08:00 [INF] SystemMonitor.Service.Services.RpcHostedService 客户端已连接
2025-08-21 00:02:20.297 +08:00 [INF] SystemMonitor.Service.Services.RpcHostedService 客户端断开：已达到流的结尾。
2025-08-21 00:02:20.358 +08:00 [INF] SystemMonitor.Service.Worker Worker running at: "2025-08-21T00:02:20.3587873+08:00"
2025-08-21 00:02:20.480 +08:00 [INF] SystemMonitor.Service.Services.RpcHostedService 客户端已连接
2025-08-21 00:02:20.481 +08:00 [INF] SystemMonitor.Service.Services.RpcHostedService 客户端断开：已达到流的结尾。
2025-08-21 00:02:20.629 +08:00 [INF] SystemMonitor.Service.Services.RpcHostedService 客户端已连接
2025-08-21 00:02:20.630 +08:00 [INF] SystemMonitor.Service.Services.RpcHostedService 客户端断开：已达到流的结尾。
2025-08-21 00:02:20.797 +08:00 [INF] SystemMonitor.Service.Services.RpcHostedService 客户端已连接
2025-08-21 00:02:20.798 +08:00 [INF] SystemMonitor.Service.Services.RpcHostedService 客户端断开：已达到流的结尾。
2025-08-21 00:02:20.963 +08:00 [INF] SystemMonitor.Service.Services.RpcHostedService 客户端已连接
2025-08-21 00:02:20.965 +08:00 [INF] SystemMonitor.Service.Services.RpcHostedService 客户端断开：已达到流的结尾。
2025-08-21 00:02:21.115 +08:00 [INF] SystemMonitor.Service.Services.RpcHostedService 客户端已连接
2025-08-21 00:02:21.116 +08:00 [INF] SystemMonitor.Service.Services.RpcHostedService 客户端断开：已达到流的结尾。
2025-08-21 00:02:21.282 +08:00 [INF] SystemMonitor.Service.Services.RpcHostedService 客户端已连接
2025-08-21 00:02:21.283 +08:00 [INF] SystemMonitor.Service.Services.RpcHostedService 客户端断开：已达到流的结尾。
2025-08-21 00:02:21.363 +08:00 [INF] SystemMonitor.Service.Worker Worker running at: "2025-08-21T00:02:21.3637142+08:00"
2025-08-21 00:02:22.370 +08:00 [INF] SystemMonitor.Service.Worker Worker running at: "2025-08-21T00:02:22.3703666+08:00"
2025-08-21 00:02:23.378 +08:00 [INF] SystemMonitor.Service.Worker Worker running at: "2025-08-21T00:02:23.3786303+08:00"
2025-08-21 00:02:24.384 +08:00 [INF] SystemMonitor.Service.Worker Worker running at: "2025-08-21T00:02:24.3843227+08:00"
2025-08-21 00:02:25.392 +08:00 [INF] SystemMonitor.Service.Worker Worker running at: "2025-08-21T00:02:25.3923909+08:00"
2025-08-21 00:02:26.400 +08:00 [INF] SystemMonitor.Service.Worker Worker running at: "2025-08-21T00:02:26.4008069+08:00"
2025-08-21 00:02:27.412 +08:00 [INF] SystemMonitor.Service.Worker Worker running at: "2025-08-21T00:02:27.4128587+08:00"
2025-08-21 00:05:24.556 +08:00 [INF] SystemMonitor.Service.Worker Worker running at: "2025-08-21T00:05:24.5464783+08:00"
2025-08-21 00:05:24.581 +08:00 [INF] SystemMonitor.Service.Services.RpcHostedService RPC 服务启动，等待客户端连接…
2025-08-21 00:05:24.712 +08:00 [INF] SystemMonitor.Service.Services.RpcHostedService 客户端已连接
2025-08-21 00:05:24.778 +08:00 [INF] SystemMonitor.Service.Services.RpcHostedService 客户端断开：已达到流的结尾。
2025-08-21 00:05:25.584 +08:00 [INF] SystemMonitor.Service.Worker Worker running at: "2025-08-21T00:05:25.5841805+08:00"
2025-08-21 00:05:26.587 +08:00 [INF] SystemMonitor.Service.Worker Worker running at: "2025-08-21T00:05:26.5875046+08:00"
2025-08-21 00:05:27.595 +08:00 [INF] SystemMonitor.Service.Worker Worker running at: "2025-08-21T00:05:27.5953363+08:00"
2025-08-21 00:05:28.609 +08:00 [INF] SystemMonitor.Service.Worker Worker running at: "2025-08-21T00:05:28.6098328+08:00"
2025-08-21 00:05:29.619 +08:00 [INF] SystemMonitor.Service.Worker Worker running at: "2025-08-21T00:05:29.6191657+08:00"
2025-08-21 00:05:30.632 +08:00 [INF] SystemMonitor.Service.Worker Worker running at: "2025-08-21T00:05:30.6327767+08:00"
2025-08-21 00:05:31.637 +08:00 [INF] SystemMonitor.Service.Worker Worker running at: "2025-08-21T00:05:31.6373803+08:00"
2025-08-21 00:05:32.644 +08:00 [INF] SystemMonitor.Service.Worker Worker running at: "2025-08-21T00:05:32.6443322+08:00"
2025-08-21 00:05:33.650 +08:00 [INF] SystemMonitor.Service.Worker Worker running at: "2025-08-21T00:05:33.6507377+08:00"
2025-08-21 00:05:34.656 +08:00 [INF] SystemMonitor.Service.Worker Worker running at: "2025-08-21T00:05:34.6564943+08:00"
2025-08-21 00:05:35.660 +08:00 [INF] SystemMonitor.Service.Worker Worker running at: "2025-08-21T00:05:35.6601139+08:00"
2025-08-21 00:05:36.660 +08:00 [INF] SystemMonitor.Service.Worker Worker running at: "2025-08-21T00:05:36.6605599+08:00"
2025-08-21 00:05:37.664 +08:00 [INF] SystemMonitor.Service.Worker Worker running at: "2025-08-21T00:05:37.6648338+08:00"
2025-08-21 00:05:38.668 +08:00 [INF] SystemMonitor.Service.Worker Worker running at: "2025-08-21T00:05:38.6688989+08:00"
2025-08-21 00:05:39.674 +08:00 [INF] SystemMonitor.Service.Worker Worker running at: "2025-08-21T00:05:39.6746854+08:00"
2025-08-21 00:05:40.690 +08:00 [INF] SystemMonitor.Service.Worker Worker running at: "2025-08-21T00:05:40.6903351+08:00"
2025-08-21 00:05:41.699 +08:00 [INF] SystemMonitor.Service.Worker Worker running at: "2025-08-21T00:05:41.6992832+08:00"
2025-08-21 00:05:42.702 +08:00 [INF] SystemMonitor.Service.Worker Worker running at: "2025-08-21T00:05:42.7028265+08:00"
2025-08-21 00:05:43.708 +08:00 [INF] SystemMonitor.Service.Worker Worker running at: "2025-08-21T00:05:43.7083366+08:00"
2025-08-21 00:05:44.710 +08:00 [INF] SystemMonitor.Service.Worker Worker running at: "2025-08-21T00:05:44.7106187+08:00"
2025-08-21 00:05:45.720 +08:00 [INF] SystemMonitor.Service.Worker Worker running at: "2025-08-21T00:05:45.7208611+08:00"
2025-08-21 00:05:46.726 +08:00 [INF] SystemMonitor.Service.Worker Worker running at: "2025-08-21T00:05:46.7264713+08:00"
2025-08-21 00:05:47.732 +08:00 [INF] SystemMonitor.Service.Worker Worker running at: "2025-08-21T00:05:47.7323704+08:00"
2025-08-21 00:05:48.745 +08:00 [INF] SystemMonitor.Service.Worker Worker running at: "2025-08-21T00:05:48.7459098+08:00"
2025-08-21 00:05:49.759 +08:00 [INF] SystemMonitor.Service.Services.RpcHostedService 客户端已连接
2025-08-21 00:05:49.760 +08:00 [INF] SystemMonitor.Service.Worker Worker running at: "2025-08-21T00:05:49.7608452+08:00"
2025-08-21 00:05:49.763 +08:00 [INF] SystemMonitor.Service.Services.RpcHostedService 客户端已连接
2025-08-21 00:05:49.808 +08:00 [INF] SystemMonitor.Service.Services.RpcHostedService subscribe_metrics: enable=true
2025-08-21 00:05:49.808 +08:00 [INF] SystemMonitor.Service.Services.RpcHostedService subscribe_metrics: enable=true
2025-08-21 00:05:49.825 +08:00 [INF] SystemMonitor.Service.Services.RpcHostedService 客户端断开：已达到流的结尾。
2025-08-21 00:05:49.841 +08:00 [INF] SystemMonitor.Service.Services.RpcHostedService 客户端已连接
2025-08-21 00:05:49.852 +08:00 [INF] SystemMonitor.Service.Services.RpcHostedService hello ok: app=fe-mock proto=1 caps=[] session_id=0dc63888-08ea-426a-9fad-a869415cd3d3
2025-08-21 00:05:49.856 +08:00 [INF] SystemMonitor.Service.Services.RpcHostedService 客户端断开：已达到流的结尾。
2025-08-21 00:05:50.767 +08:00 [INF] SystemMonitor.Service.Worker Worker running at: "2025-08-21T00:05:50.7672640+08:00"
2025-08-21 00:05:51.773 +08:00 [INF] SystemMonitor.Service.Worker Worker running at: "2025-08-21T00:05:51.7732491+08:00"
2025-08-21 00:05:52.781 +08:00 [INF] SystemMonitor.Service.Worker Worker running at: "2025-08-21T00:05:52.7809495+08:00"
2025-08-21 00:05:53.787 +08:00 [INF] SystemMonitor.Service.Worker Worker running at: "2025-08-21T00:05:53.7869925+08:00"
2025-08-21 00:05:54.793 +08:00 [INF] SystemMonitor.Service.Worker Worker running at: "2025-08-21T00:05:54.7937003+08:00"
2025-08-21 00:05:55.795 +08:00 [INF] SystemMonitor.Service.Worker Worker running at: "2025-08-21T00:05:55.7957811+08:00"
2025-08-21 00:05:56.801 +08:00 [INF] SystemMonitor.Service.Worker Worker running at: "2025-08-21T00:05:56.8011225+08:00"
2025-08-21 00:05:57.807 +08:00 [INF] SystemMonitor.Service.Worker Worker running at: "2025-08-21T00:05:57.8071027+08:00"
2025-08-21 00:05:58.815 +08:00 [INF] SystemMonitor.Service.Worker Worker running at: "2025-08-21T00:05:58.8149716+08:00"
2025-08-21 00:05:59.820 +08:00 [INF] SystemMonitor.Service.Worker Worker running at: "2025-08-21T00:05:59.8205613+08:00"
2025-08-21 00:06:00.828 +08:00 [INF] SystemMonitor.Service.Worker Worker running at: "2025-08-21T00:06:00.8285855+08:00"
2025-08-21 00:06:01.830 +08:00 [INF] SystemMonitor.Service.Worker Worker running at: "2025-08-21T00:06:01.8300299+08:00"
2025-08-21 00:06:02.836 +08:00 [INF] SystemMonitor.Service.Worker Worker running at: "2025-08-21T00:06:02.8368036+08:00"
2025-08-21 00:06:03.840 +08:00 [INF] SystemMonitor.Service.Worker Worker running at: "2025-08-21T00:06:03.8404836+08:00"
2025-08-21 00:06:04.847 +08:00 [INF] SystemMonitor.Service.Worker Worker running at: "2025-08-21T00:06:04.8475706+08:00"
2025-08-21 00:06:05.849 +08:00 [INF] SystemMonitor.Service.Worker Worker running at: "2025-08-21T00:06:05.8492033+08:00"
2025-08-21 00:06:06.853 +08:00 [INF] SystemMonitor.Service.Worker Worker running at: "2025-08-21T00:06:06.8534857+08:00"
2025-08-21 00:06:07.859 +08:00 [INF] SystemMonitor.Service.Worker Worker running at: "2025-08-21T00:06:07.8595292+08:00"
2025-08-21 00:06:08.870 +08:00 [INF] SystemMonitor.Service.Worker Worker running at: "2025-08-21T00:06:08.8705927+08:00"
2025-08-21 00:06:09.881 +08:00 [INF] SystemMonitor.Service.Worker Worker running at: "2025-08-21T00:06:09.8815852+08:00"
2025-08-21 00:06:10.890 +08:00 [INF] SystemMonitor.Service.Worker Worker running at: "2025-08-21T00:06:10.8899440+08:00"
2025-08-21 00:06:11.896 +08:00 [INF] SystemMonitor.Service.Worker Worker running at: "2025-08-21T00:06:11.8964742+08:00"
2025-08-21 00:06:12.903 +08:00 [INF] SystemMonitor.Service.Worker Worker running at: "2025-08-21T00:06:12.9034578+08:00"
2025-08-21 00:06:13.909 +08:00 [INF] SystemMonitor.Service.Worker Worker running at: "2025-08-21T00:06:13.9097826+08:00"
2025-08-21 00:06:14.917 +08:00 [INF] SystemMonitor.Service.Worker Worker running at: "2025-08-21T00:06:14.9169678+08:00"
2025-08-21 00:06:15.918 +08:00 [INF] SystemMonitor.Service.Worker Worker running at: "2025-08-21T00:06:15.9185585+08:00"
2025-08-21 00:06:16.929 +08:00 [INF] SystemMonitor.Service.Worker Worker running at: "2025-08-21T00:06:16.9288933+08:00"
2025-08-21 00:06:17.937 +08:00 [INF] SystemMonitor.Service.Worker Worker running at: "2025-08-21T00:06:17.9375520+08:00"
2025-08-21 00:06:18.945 +08:00 [INF] SystemMonitor.Service.Worker Worker running at: "2025-08-21T00:06:18.9456674+08:00"
2025-08-21 00:06:19.950 +08:00 [INF] SystemMonitor.Service.Worker Worker running at: "2025-08-21T00:06:19.9508572+08:00"
2025-08-21 00:06:20.954 +08:00 [INF] SystemMonitor.Service.Worker Worker running at: "2025-08-21T00:06:20.9548024+08:00"
2025-08-21 00:06:21.956 +08:00 [INF] SystemMonitor.Service.Worker Worker running at: "2025-08-21T00:06:21.9567684+08:00"
2025-08-21 00:06:22.961 +08:00 [INF] SystemMonitor.Service.Worker Worker running at: "2025-08-21T00:06:22.9618852+08:00"
2025-08-21 00:06:23.972 +08:00 [INF] SystemMonitor.Service.Worker Worker running at: "2025-08-21T00:06:23.9724658+08:00"
2025-08-21 00:06:24.980 +08:00 [INF] SystemMonitor.Service.Worker Worker running at: "2025-08-21T00:06:24.9796720+08:00"
2025-08-21 00:06:25.982 +08:00 [INF] SystemMonitor.Service.Worker Worker running at: "2025-08-21T00:06:25.9821069+08:00"
2025-08-21 00:06:26.987 +08:00 [INF] SystemMonitor.Service.Worker Worker running at: "2025-08-21T00:06:26.9874136+08:00"
2025-08-21 00:06:27.995 +08:00 [INF] SystemMonitor.Service.Worker Worker running at: "2025-08-21T00:06:27.9956848+08:00"
2025-08-21 00:06:29.000 +08:00 [INF] SystemMonitor.Service.Worker Worker running at: "2025-08-21T00:06:29.0007217+08:00"
2025-08-21 00:06:30.004 +08:00 [INF] SystemMonitor.Service.Worker Worker running at: "2025-08-21T00:06:30.0040583+08:00"
2025-08-21 00:06:31.013 +08:00 [INF] SystemMonitor.Service.Worker Worker running at: "2025-08-21T00:06:31.0136248+08:00"
2025-08-21 00:06:32.024 +08:00 [INF] SystemMonitor.Service.Worker Worker running at: "2025-08-21T00:06:32.0241770+08:00"
2025-08-21 00:06:33.030 +08:00 [INF] SystemMonitor.Service.Worker Worker running at: "2025-08-21T00:06:33.0302001+08:00"
2025-08-21 00:06:34.034 +08:00 [INF] SystemMonitor.Service.Worker Worker running at: "2025-08-21T00:06:34.0346899+08:00"
2025-08-21 00:06:35.039 +08:00 [INF] SystemMonitor.Service.Worker Worker running at: "2025-08-21T00:06:35.0394874+08:00"
2025-08-21 00:06:36.048 +08:00 [INF] SystemMonitor.Service.Worker Worker running at: "2025-08-21T00:06:36.0480715+08:00"
2025-08-21 00:06:37.053 +08:00 [INF] SystemMonitor.Service.Worker Worker running at: "2025-08-21T00:06:37.0531610+08:00"
2025-08-21 00:06:38.083 +08:00 [INF] SystemMonitor.Service.Worker Worker running at: "2025-08-21T00:06:38.0838524+08:00"
2025-08-21 00:06:39.086 +08:00 [INF] SystemMonitor.Service.Worker Worker running at: "2025-08-21T00:06:39.0864268+08:00"
2025-08-21 00:06:40.094 +08:00 [INF] SystemMonitor.Service.Worker Worker running at: "2025-08-21T00:06:40.0941256+08:00"
2025-08-21 00:06:41.100 +08:00 [INF] SystemMonitor.Service.Worker Worker running at: "2025-08-21T00:06:41.1004229+08:00"
2025-08-21 00:06:42.108 +08:00 [INF] SystemMonitor.Service.Worker Worker running at: "2025-08-21T00:06:42.1086918+08:00"
2025-08-21 00:06:43.119 +08:00 [INF] SystemMonitor.Service.Worker Worker running at: "2025-08-21T00:06:43.1195194+08:00"
2025-08-21 00:06:44.130 +08:00 [INF] SystemMonitor.Service.Worker Worker running at: "2025-08-21T00:06:44.1307906+08:00"
2025-08-21 00:06:45.132 +08:00 [INF] SystemMonitor.Service.Worker Worker running at: "2025-08-21T00:06:45.1321073+08:00"
2025-08-21 00:06:46.142 +08:00 [INF] SystemMonitor.Service.Worker Worker running at: "2025-08-21T00:06:46.1426112+08:00"
2025-08-21 00:06:47.153 +08:00 [INF] SystemMonitor.Service.Worker Worker running at: "2025-08-21T00:06:47.1535303+08:00"
2025-08-21 00:06:48.158 +08:00 [INF] SystemMonitor.Service.Worker Worker running at: "2025-08-21T00:06:48.1585102+08:00"
2025-08-21 00:06:49.168 +08:00 [INF] SystemMonitor.Service.Worker Worker running at: "2025-08-21T00:06:49.1688153+08:00"
2025-08-21 00:06:50.179 +08:00 [INF] SystemMonitor.Service.Worker Worker running at: "2025-08-21T00:06:50.1790837+08:00"
2025-08-21 00:06:51.185 +08:00 [INF] SystemMonitor.Service.Worker Worker running at: "2025-08-21T00:06:51.1858633+08:00"
2025-08-21 00:06:52.196 +08:00 [INF] SystemMonitor.Service.Worker Worker running at: "2025-08-21T00:06:52.1963605+08:00"
2025-08-21 00:06:53.201 +08:00 [INF] SystemMonitor.Service.Worker Worker running at: "2025-08-21T00:06:53.2011120+08:00"
2025-08-21 00:06:54.206 +08:00 [INF] SystemMonitor.Service.Worker Worker running at: "2025-08-21T00:06:54.2066982+08:00"
2025-08-21 00:06:55.208 +08:00 [INF] SystemMonitor.Service.Worker Worker running at: "2025-08-21T00:06:55.2087542+08:00"
2025-08-21 00:06:56.217 +08:00 [INF] SystemMonitor.Service.Worker Worker running at: "2025-08-21T00:06:56.2174989+08:00"
2025-08-21 00:06:57.230 +08:00 [INF] SystemMonitor.Service.Worker Worker running at: "2025-08-21T00:06:57.2308187+08:00"
2025-08-21 00:06:58.237 +08:00 [INF] SystemMonitor.Service.Worker Worker running at: "2025-08-21T00:06:58.2370121+08:00"
2025-08-21 00:06:59.239 +08:00 [INF] SystemMonitor.Service.Worker Worker running at: "2025-08-21T00:06:59.2394464+08:00"
2025-08-21 00:07:00.243 +08:00 [INF] SystemMonitor.Service.Worker Worker running at: "2025-08-21T00:07:00.2439073+08:00"
2025-08-21 00:07:01.251 +08:00 [INF] SystemMonitor.Service.Worker Worker running at: "2025-08-21T00:07:01.2518975+08:00"
2025-08-21 00:07:02.253 +08:00 [INF] SystemMonitor.Service.Worker Worker running at: "2025-08-21T00:07:02.2536054+08:00"
2025-08-21 00:07:03.257 +08:00 [INF] SystemMonitor.Service.Worker Worker running at: "2025-08-21T00:07:03.2574079+08:00"
2025-08-21 00:07:04.271 +08:00 [INF] SystemMonitor.Service.Worker Worker running at: "2025-08-21T00:07:04.2712627+08:00"
2025-08-21 00:07:05.280 +08:00 [INF] SystemMonitor.Service.Worker Worker running at: "2025-08-21T00:07:05.2806624+08:00"
2025-08-21 00:07:06.286 +08:00 [INF] SystemMonitor.Service.Worker Worker running at: "2025-08-21T00:07:06.2860268+08:00"
2025-08-21 00:07:07.296 +08:00 [INF] SystemMonitor.Service.Worker Worker running at: "2025-08-21T00:07:07.2967146+08:00"
2025-08-21 00:07:08.302 +08:00 [INF] SystemMonitor.Service.Worker Worker running at: "2025-08-21T00:07:08.3027527+08:00"
2025-08-21 00:07:09.308 +08:00 [INF] SystemMonitor.Service.Worker Worker running at: "2025-08-21T00:07:09.3085062+08:00"
2025-08-21 00:07:10.323 +08:00 [INF] SystemMonitor.Service.Worker Worker running at: "2025-08-21T00:07:10.3238536+08:00"
2025-08-21 00:07:11.325 +08:00 [INF] SystemMonitor.Service.Worker Worker running at: "2025-08-21T00:07:11.3256494+08:00"
2025-08-21 00:07:12.331 +08:00 [INF] SystemMonitor.Service.Worker Worker running at: "2025-08-21T00:07:12.3313052+08:00"
2025-08-21 00:07:13.342 +08:00 [INF] SystemMonitor.Service.Worker Worker running at: "2025-08-21T00:07:13.3425722+08:00"
2025-08-21 00:07:14.349 +08:00 [INF] SystemMonitor.Service.Worker Worker running at: "2025-08-21T00:07:14.3495098+08:00"
2025-08-21 00:07:15.356 +08:00 [INF] SystemMonitor.Service.Worker Worker running at: "2025-08-21T00:07:15.3562420+08:00"
2025-08-21 00:07:16.358 +08:00 [INF] SystemMonitor.Service.Worker Worker running at: "2025-08-21T00:07:16.3582030+08:00"
2025-08-21 00:07:17.365 +08:00 [INF] SystemMonitor.Service.Worker Worker running at: "2025-08-21T00:07:17.3657802+08:00"
2025-08-21 00:07:18.371 +08:00 [INF] SystemMonitor.Service.Worker Worker running at: "2025-08-21T00:07:18.3718363+08:00"
2025-08-21 00:07:19.378 +08:00 [INF] SystemMonitor.Service.Worker Worker running at: "2025-08-21T00:07:19.3787919+08:00"
2025-08-21 00:07:20.382 +08:00 [INF] SystemMonitor.Service.Worker Worker running at: "2025-08-21T00:07:20.3824968+08:00"
2025-08-21 00:07:21.387 +08:00 [INF] SystemMonitor.Service.Worker Worker running at: "2025-08-21T00:07:21.3870135+08:00"
2025-08-21 00:07:22.395 +08:00 [INF] SystemMonitor.Service.Worker Worker running at: "2025-08-21T00:07:22.3956865+08:00"
2025-08-21 00:07:23.400 +08:00 [INF] SystemMonitor.Service.Worker Worker running at: "2025-08-21T00:07:23.4008065+08:00"
2025-08-21 00:07:24.410 +08:00 [INF] SystemMonitor.Service.Worker Worker running at: "2025-08-21T00:07:24.4099945+08:00"
2025-08-21 00:07:25.416 +08:00 [INF] SystemMonitor.Service.Worker Worker running at: "2025-08-21T00:07:25.4168651+08:00"
2025-08-21 00:07:26.419 +08:00 [INF] SystemMonitor.Service.Worker Worker running at: "2025-08-21T00:07:26.4194955+08:00"
2025-08-21 00:07:27.427 +08:00 [INF] SystemMonitor.Service.Worker Worker running at: "2025-08-21T00:07:27.4278258+08:00"
2025-08-21 00:07:28.433 +08:00 [INF] SystemMonitor.Service.Worker Worker running at: "2025-08-21T00:07:28.4337321+08:00"
2025-08-21 00:07:29.436 +08:00 [INF] SystemMonitor.Service.Worker Worker running at: "2025-08-21T00:07:29.4367055+08:00"
2025-08-21 00:07:30.439 +08:00 [INF] SystemMonitor.Service.Worker Worker running at: "2025-08-21T00:07:30.4396259+08:00"
2025-08-21 00:07:31.450 +08:00 [INF] SystemMonitor.Service.Worker Worker running at: "2025-08-21T00:07:31.4501739+08:00"
2025-08-21 00:07:32.461 +08:00 [INF] SystemMonitor.Service.Worker Worker running at: "2025-08-21T00:07:32.4613291+08:00"
2025-08-21 00:07:33.469 +08:00 [INF] SystemMonitor.Service.Worker Worker running at: "2025-08-21T00:07:33.4690160+08:00"
2025-08-21 00:07:34.474 +08:00 [INF] SystemMonitor.Service.Worker Worker running at: "2025-08-21T00:07:34.4742787+08:00"
2025-08-21 00:07:35.478 +08:00 [INF] SystemMonitor.Service.Worker Worker running at: "2025-08-21T00:07:35.4786012+08:00"
2025-08-21 00:07:36.491 +08:00 [INF] SystemMonitor.Service.Worker Worker running at: "2025-08-21T00:07:36.4916026+08:00"
2025-08-21 00:07:37.498 +08:00 [INF] SystemMonitor.Service.Worker Worker running at: "2025-08-21T00:07:37.4983497+08:00"
2025-08-21 00:07:38.507 +08:00 [INF] SystemMonitor.Service.Worker Worker running at: "2025-08-21T00:07:38.5075373+08:00"
2025-08-21 00:07:39.513 +08:00 [INF] SystemMonitor.Service.Worker Worker running at: "2025-08-21T00:07:39.5137295+08:00"
2025-08-21 00:07:40.518 +08:00 [INF] SystemMonitor.Service.Worker Worker running at: "2025-08-21T00:07:40.5183248+08:00"
2025-08-21 00:07:41.524 +08:00 [INF] SystemMonitor.Service.Worker Worker running at: "2025-08-21T00:07:41.5243178+08:00"
2025-08-21 00:07:42.530 +08:00 [INF] SystemMonitor.Service.Worker Worker running at: "2025-08-21T00:07:42.5299999+08:00"
2025-08-21 00:07:43.535 +08:00 [INF] SystemMonitor.Service.Worker Worker running at: "2025-08-21T00:07:43.5349532+08:00"
2025-08-21 00:07:44.544 +08:00 [INF] SystemMonitor.Service.Worker Worker running at: "2025-08-21T00:07:44.5439654+08:00"
2025-08-21 00:07:45.552 +08:00 [INF] SystemMonitor.Service.Worker Worker running at: "2025-08-21T00:07:45.5525761+08:00"
2025-08-21 00:07:46.558 +08:00 [INF] SystemMonitor.Service.Worker Worker running at: "2025-08-21T00:07:46.5583439+08:00"
2025-08-21 00:07:47.560 +08:00 [INF] SystemMonitor.Service.Worker Worker running at: "2025-08-21T00:07:47.5609310+08:00"
2025-08-21 00:07:48.571 +08:00 [INF] SystemMonitor.Service.Worker Worker running at: "2025-08-21T00:07:48.5710822+08:00"
2025-08-21 00:07:49.577 +08:00 [INF] SystemMonitor.Service.Worker Worker running at: "2025-08-21T00:07:49.5770848+08:00"
2025-08-21 00:07:50.579 +08:00 [INF] SystemMonitor.Service.Worker Worker running at: "2025-08-21T00:07:50.5794857+08:00"
2025-08-21 00:07:51.586 +08:00 [INF] SystemMonitor.Service.Worker Worker running at: "2025-08-21T00:07:51.5862209+08:00"
2025-08-21 00:07:52.593 +08:00 [INF] SystemMonitor.Service.Worker Worker running at: "2025-08-21T00:07:52.5936312+08:00"
2025-08-21 00:07:53.597 +08:00 [INF] SystemMonitor.Service.Worker Worker running at: "2025-08-21T00:07:53.5971938+08:00"
2025-08-21 00:07:54.597 +08:00 [INF] SystemMonitor.Service.Worker Worker running at: "2025-08-21T00:07:54.5978333+08:00"
2025-08-21 00:07:55.613 +08:00 [INF] SystemMonitor.Service.Worker Worker running at: "2025-08-21T00:07:55.6130812+08:00"
2025-08-21 00:07:56.625 +08:00 [INF] SystemMonitor.Service.Worker Worker running at: "2025-08-21T00:07:56.6252396+08:00"
2025-08-21 00:07:57.629 +08:00 [INF] SystemMonitor.Service.Worker Worker running at: "2025-08-21T00:07:57.6290564+08:00"
2025-08-21 00:07:58.631 +08:00 [INF] SystemMonitor.Service.Worker Worker running at: "2025-08-21T00:07:58.6311052+08:00"
2025-08-21 00:07:59.640 +08:00 [INF] SystemMonitor.Service.Worker Worker running at: "2025-08-21T00:07:59.6401308+08:00"
2025-08-21 00:08:00.642 +08:00 [INF] SystemMonitor.Service.Worker Worker running at: "2025-08-21T00:08:00.6427904+08:00"
2025-08-21 00:08:01.649 +08:00 [INF] SystemMonitor.Service.Worker Worker running at: "2025-08-21T00:08:01.6496073+08:00"
2025-08-21 00:08:02.655 +08:00 [INF] SystemMonitor.Service.Worker Worker running at: "2025-08-21T00:08:02.6553576+08:00"
2025-08-21 00:08:03.663 +08:00 [INF] SystemMonitor.Service.Worker Worker running at: "2025-08-21T00:08:03.6632055+08:00"
2025-08-21 00:08:04.669 +08:00 [INF] SystemMonitor.Service.Worker Worker running at: "2025-08-21T00:08:04.6697158+08:00"
2025-08-21 00:08:05.677 +08:00 [INF] SystemMonitor.Service.Worker Worker running at: "2025-08-21T00:08:05.6778995+08:00"
2025-08-21 00:08:06.683 +08:00 [INF] SystemMonitor.Service.Worker Worker running at: "2025-08-21T00:08:06.6832654+08:00"
2025-08-21 00:08:07.697 +08:00 [INF] SystemMonitor.Service.Worker Worker running at: "2025-08-21T00:08:07.6972549+08:00"
2025-08-21 00:08:08.698 +08:00 [INF] SystemMonitor.Service.Worker Worker running at: "2025-08-21T00:08:08.6982890+08:00"
2025-08-21 00:08:09.705 +08:00 [INF] SystemMonitor.Service.Worker Worker running at: "2025-08-21T00:08:09.7056385+08:00"
2025-08-21 00:08:10.712 +08:00 [INF] SystemMonitor.Service.Worker Worker running at: "2025-08-21T00:08:10.7121098+08:00"
2025-08-21 00:08:11.721 +08:00 [INF] SystemMonitor.Service.Worker Worker running at: "2025-08-21T00:08:11.7216654+08:00"
2025-08-21 00:08:12.729 +08:00 [INF] SystemMonitor.Service.Worker Worker running at: "2025-08-21T00:08:12.7297790+08:00"
2025-08-21 00:08:13.734 +08:00 [INF] SystemMonitor.Service.Worker Worker running at: "2025-08-21T00:08:13.7343182+08:00"
2025-08-21 00:08:14.736 +08:00 [INF] SystemMonitor.Service.Worker Worker running at: "2025-08-21T00:08:14.7358773+08:00"
2025-08-21 00:08:15.750 +08:00 [INF] SystemMonitor.Service.Worker Worker running at: "2025-08-21T00:08:15.7504101+08:00"
2025-08-21 00:08:16.759 +08:00 [INF] SystemMonitor.Service.Worker Worker running at: "2025-08-21T00:08:16.7591341+08:00"
2025-08-21 00:08:17.762 +08:00 [INF] SystemMonitor.Service.Worker Worker running at: "2025-08-21T00:08:17.7624586+08:00"
2025-08-21 00:08:18.765 +08:00 [INF] SystemMonitor.Service.Worker Worker running at: "2025-08-21T00:08:18.7650619+08:00"
2025-08-21 00:08:19.772 +08:00 [INF] SystemMonitor.Service.Worker Worker running at: "2025-08-21T00:08:19.7720692+08:00"
2025-08-21 00:08:20.779 +08:00 [INF] SystemMonitor.Service.Worker Worker running at: "2025-08-21T00:08:20.7798882+08:00"
2025-08-21 00:08:21.782 +08:00 [INF] SystemMonitor.Service.Worker Worker running at: "2025-08-21T00:08:21.7826642+08:00"
2025-08-21 00:08:22.788 +08:00 [INF] SystemMonitor.Service.Worker Worker running at: "2025-08-21T00:08:22.7881556+08:00"
2025-08-21 00:08:23.791 +08:00 [INF] SystemMonitor.Service.Worker Worker running at: "2025-08-21T00:08:23.7913377+08:00"
2025-08-21 00:08:24.797 +08:00 [INF] SystemMonitor.Service.Worker Worker running at: "2025-08-21T00:08:24.7972241+08:00"
2025-08-21 00:08:25.800 +08:00 [INF] SystemMonitor.Service.Worker Worker running at: "2025-08-21T00:08:25.8004524+08:00"
2025-08-21 00:08:26.809 +08:00 [INF] SystemMonitor.Service.Worker Worker running at: "2025-08-21T00:08:26.8090819+08:00"
2025-08-21 00:08:27.812 +08:00 [INF] SystemMonitor.Service.Worker Worker running at: "2025-08-21T00:08:27.8121852+08:00"
2025-08-21 00:08:28.818 +08:00 [INF] SystemMonitor.Service.Worker Worker running at: "2025-08-21T00:08:28.8188710+08:00"
2025-08-21 00:08:28.870 +08:00 [INF] SystemMonitor.Service.Services.RpcHostedService 客户端已连接
2025-08-21 00:08:28.884 +08:00 [INF] SystemMonitor.Service.Services.RpcHostedService 客户端断开：已达到流的结尾。
2025-08-21 00:08:29.104 +08:00 [INF] SystemMonitor.Service.Services.RpcHostedService 客户端已连接
2025-08-21 00:08:29.106 +08:00 [INF] SystemMonitor.Service.Services.RpcHostedService 客户端断开：已达到流的结尾。
2025-08-21 00:08:29.287 +08:00 [INF] SystemMonitor.Service.Services.RpcHostedService 客户端已连接
2025-08-21 00:08:29.288 +08:00 [INF] SystemMonitor.Service.Services.RpcHostedService 客户端断开：已达到流的结尾。
2025-08-21 00:08:29.487 +08:00 [INF] SystemMonitor.Service.Services.RpcHostedService 客户端已连接
2025-08-21 00:08:29.488 +08:00 [INF] SystemMonitor.Service.Services.RpcHostedService 客户端断开：已达到流的结尾。
2025-08-21 00:08:29.670 +08:00 [INF] SystemMonitor.Service.Services.RpcHostedService 客户端已连接
2025-08-21 00:08:29.671 +08:00 [INF] SystemMonitor.Service.Services.RpcHostedService 客户端断开：已达到流的结尾。
2025-08-21 00:08:29.803 +08:00 [INF] SystemMonitor.Service.Services.RpcHostedService 客户端已连接
2025-08-21 00:08:29.804 +08:00 [INF] SystemMonitor.Service.Services.RpcHostedService 客户端断开：已达到流的结尾。
2025-08-21 00:08:29.822 +08:00 [INF] SystemMonitor.Service.Worker Worker running at: "2025-08-21T00:08:29.8221707+08:00"
2025-08-21 00:08:29.971 +08:00 [INF] SystemMonitor.Service.Services.RpcHostedService 客户端已连接
2025-08-21 00:08:29.972 +08:00 [INF] SystemMonitor.Service.Services.RpcHostedService 客户端断开：已达到流的结尾。
2025-08-21 00:08:30.153 +08:00 [INF] SystemMonitor.Service.Services.RpcHostedService 客户端已连接
2025-08-21 00:08:30.154 +08:00 [INF] SystemMonitor.Service.Services.RpcHostedService 客户端断开：已达到流的结尾。
2025-08-21 00:08:30.303 +08:00 [INF] SystemMonitor.Service.Services.RpcHostedService 客户端已连接
2025-08-21 00:08:30.304 +08:00 [INF] SystemMonitor.Service.Services.RpcHostedService 客户端断开：已达到流的结尾。
2025-08-21 00:08:30.470 +08:00 [INF] SystemMonitor.Service.Services.RpcHostedService 客户端已连接
2025-08-21 00:08:30.471 +08:00 [INF] SystemMonitor.Service.Services.RpcHostedService 客户端断开：已达到流的结尾。
2025-08-21 00:08:30.826 +08:00 [INF] SystemMonitor.Service.Worker Worker running at: "2025-08-21T00:08:30.8266697+08:00"
2025-08-21 00:08:30.837 +08:00 [INF] SystemMonitor.Service.Services.RpcHostedService 客户端已连接
2025-08-21 00:08:30.839 +08:00 [INF] SystemMonitor.Service.Services.RpcHostedService 客户端断开：已达到流的结尾。
2025-08-21 00:08:31.205 +08:00 [INF] SystemMonitor.Service.Services.RpcHostedService 客户端已连接
2025-08-21 00:08:31.206 +08:00 [INF] SystemMonitor.Service.Services.RpcHostedService 客户端断开：已达到流的结尾。
2025-08-21 00:08:31.389 +08:00 [INF] SystemMonitor.Service.Services.RpcHostedService 客户端已连接
2025-08-21 00:08:31.390 +08:00 [INF] SystemMonitor.Service.Services.RpcHostedService 客户端断开：已达到流的结尾。
2025-08-21 00:08:31.555 +08:00 [INF] SystemMonitor.Service.Services.RpcHostedService 客户端已连接
2025-08-21 00:08:31.556 +08:00 [INF] SystemMonitor.Service.Services.RpcHostedService 客户端断开：已达到流的结尾。
2025-08-21 00:08:31.738 +08:00 [INF] SystemMonitor.Service.Services.RpcHostedService 客户端已连接
2025-08-21 00:08:31.740 +08:00 [INF] SystemMonitor.Service.Services.RpcHostedService 客户端断开：已达到流的结尾。
2025-08-21 00:08:31.832 +08:00 [INF] SystemMonitor.Service.Worker Worker running at: "2025-08-21T00:08:31.8322742+08:00"
2025-08-21 00:08:32.659 +08:00 [INF] SystemMonitor.Service.Services.RpcHostedService 客户端已连接
2025-08-21 00:08:32.662 +08:00 [INF] SystemMonitor.Service.Services.RpcHostedService burst_subscribe: interval=1000ms ttl=5000ms -> expires_at=1755706117661
2025-08-21 00:08:32.663 +08:00 [INF] SystemMonitor.Service.Services.RpcHostedService 客户端断开：已达到流的结尾。
2025-08-21 00:08:32.834 +08:00 [INF] SystemMonitor.Service.Services.RpcHostedService 客户端已连接
2025-08-21 00:08:32.834 +08:00 [INF] SystemMonitor.Service.Services.RpcHostedService burst_subscribe: interval=1000ms ttl=5000ms -> expires_at=1755706117834
2025-08-21 00:08:32.835 +08:00 [INF] SystemMonitor.Service.Services.RpcHostedService 客户端断开：已达到流的结尾。
2025-08-21 00:08:32.841 +08:00 [INF] SystemMonitor.Service.Worker Worker running at: "2025-08-21T00:08:32.8417398+08:00"
2025-08-21 00:08:33.032 +08:00 [INF] SystemMonitor.Service.Services.RpcHostedService 客户端已连接
2025-08-21 00:08:33.033 +08:00 [INF] SystemMonitor.Service.Services.RpcHostedService burst_subscribe: interval=1000ms ttl=5000ms -> expires_at=1755706118033
2025-08-21 00:08:33.033 +08:00 [INF] SystemMonitor.Service.Services.RpcHostedService 客户端断开：已达到流的结尾。
2025-08-21 00:08:33.199 +08:00 [INF] SystemMonitor.Service.Services.RpcHostedService 客户端已连接
2025-08-21 00:08:33.200 +08:00 [INF] SystemMonitor.Service.Services.RpcHostedService burst_subscribe: interval=1000ms ttl=5000ms -> expires_at=1755706118200
2025-08-21 00:08:33.200 +08:00 [INF] SystemMonitor.Service.Services.RpcHostedService 客户端断开：已达到流的结尾。
2025-08-21 00:08:33.386 +08:00 [INF] SystemMonitor.Service.Services.RpcHostedService 客户端已连接
2025-08-21 00:08:33.386 +08:00 [INF] SystemMonitor.Service.Services.RpcHostedService burst_subscribe: interval=1000ms ttl=5000ms -> expires_at=1755706118386
2025-08-21 00:08:33.391 +08:00 [INF] SystemMonitor.Service.Services.RpcHostedService 客户端断开：已达到流的结尾。
2025-08-21 00:08:33.551 +08:00 [INF] SystemMonitor.Service.Services.RpcHostedService 客户端已连接
2025-08-21 00:08:33.552 +08:00 [INF] SystemMonitor.Service.Services.RpcHostedService burst_subscribe: interval=1000ms ttl=5000ms -> expires_at=1755706118552
2025-08-21 00:08:33.552 +08:00 [INF] SystemMonitor.Service.Services.RpcHostedService 客户端断开：已达到流的结尾。
2025-08-21 00:08:33.735 +08:00 [INF] SystemMonitor.Service.Services.RpcHostedService 客户端已连接
2025-08-21 00:08:33.736 +08:00 [INF] SystemMonitor.Service.Services.RpcHostedService burst_subscribe: interval=1000ms ttl=5000ms -> expires_at=1755706118736
2025-08-21 00:08:33.736 +08:00 [INF] SystemMonitor.Service.Services.RpcHostedService 客户端断开：已达到流的结尾。
2025-08-21 00:08:33.843 +08:00 [INF] SystemMonitor.Service.Worker Worker running at: "2025-08-21T00:08:33.8439526+08:00"
2025-08-21 00:08:33.921 +08:00 [INF] SystemMonitor.Service.Services.RpcHostedService 客户端已连接
2025-08-21 00:08:33.921 +08:00 [INF] SystemMonitor.Service.Services.RpcHostedService burst_subscribe: interval=1000ms ttl=5000ms -> expires_at=1755706118921
2025-08-21 00:08:33.922 +08:00 [INF] SystemMonitor.Service.Services.RpcHostedService 客户端断开：已达到流的结尾。
2025-08-21 00:08:34.851 +08:00 [INF] SystemMonitor.Service.Worker Worker running at: "2025-08-21T00:08:34.8513759+08:00"
2025-08-21 00:08:35.857 +08:00 [INF] SystemMonitor.Service.Worker Worker running at: "2025-08-21T00:08:35.8570037+08:00"
2025-08-21 00:08:36.860 +08:00 [INF] SystemMonitor.Service.Worker Worker running at: "2025-08-21T00:08:36.8604091+08:00"
2025-08-21 00:08:58.884 +08:00 [INF] SystemMonitor.Service.Worker Worker running at: "2025-08-21T00:08:58.8701387+08:00"
2025-08-21 00:08:58.913 +08:00 [INF] SystemMonitor.Service.Services.RpcHostedService RPC 服务启动，等待客户端连接…
2025-08-21 00:08:58.926 +08:00 [INF] SystemMonitor.Service.Services.RpcHostedService 客户端已连接
2025-08-21 00:08:58.980 +08:00 [INF] SystemMonitor.Service.Services.RpcHostedService 客户端断开：已达到流的结尾。
2025-08-21 00:08:59.910 +08:00 [INF] SystemMonitor.Service.Worker Worker running at: "2025-08-21T00:08:59.9100046+08:00"
2025-08-21 00:09:00.918 +08:00 [INF] SystemMonitor.Service.Worker Worker running at: "2025-08-21T00:09:00.9187026+08:00"
2025-08-21 00:09:01.925 +08:00 [INF] SystemMonitor.Service.Worker Worker running at: "2025-08-21T00:09:01.9255743+08:00"
2025-08-21 00:09:02.938 +08:00 [INF] SystemMonitor.Service.Worker Worker running at: "2025-08-21T00:09:02.9382924+08:00"
2025-08-21 00:09:03.950 +08:00 [INF] SystemMonitor.Service.Worker Worker running at: "2025-08-21T00:09:03.9508071+08:00"
