2025-08-20 22:52:21.146 +08:00 [INF] SystemMonitor.Service.Worker Worker running at: "2025-08-20T22:52:21.1359589+08:00"
2025-08-20 22:52:21.174 +08:00 [INF] SystemMonitor.Service.Services.RpcHostedService RPC 服务启动，等待客户端连接…
2025-08-20 22:52:21.193 +08:00 [INF] SystemMonitor.Service.Services.RpcHostedService 客户端已连接
2025-08-20 22:52:21.246 +08:00 [INF] SystemMonitor.Service.Services.RpcHostedService 客户端断开：已达到流的结尾。
2025-08-20 22:52:22.173 +08:00 [INF] SystemMonitor.Service.Worker Worker running at: "2025-08-20T22:52:22.1734436+08:00"
2025-08-20 22:52:23.187 +08:00 [INF] SystemMonitor.Service.Worker Worker running at: "2025-08-20T22:52:23.1874105+08:00"
2025-08-20 22:52:24.193 +08:00 [INF] SystemMonitor.Service.Worker Worker running at: "2025-08-20T22:52:24.1939176+08:00"
2025-08-20 22:52:25.203 +08:00 [INF] SystemMonitor.Service.Worker Worker running at: "2025-08-20T22:52:25.2036228+08:00"
2025-08-20 22:52:26.213 +08:00 [INF] SystemMonitor.Service.Worker Worker running at: "2025-08-20T22:52:26.2130762+08:00"
2025-08-20 22:52:27.224 +08:00 [INF] SystemMonitor.Service.Worker Worker running at: "2025-08-20T22:52:27.2240613+08:00"
2025-08-20 22:52:28.229 +08:00 [INF] SystemMonitor.Service.Worker Worker running at: "2025-08-20T22:52:28.2295933+08:00"
2025-08-20 22:52:29.237 +08:00 [INF] SystemMonitor.Service.Worker Worker running at: "2025-08-20T22:52:29.2376048+08:00"
2025-08-20 22:52:30.247 +08:00 [INF] SystemMonitor.Service.Worker Worker running at: "2025-08-20T22:52:30.2476989+08:00"
2025-08-20 22:52:31.259 +08:00 [INF] SystemMonitor.Service.Worker Worker running at: "2025-08-20T22:52:31.2592395+08:00"
2025-08-20 22:52:32.261 +08:00 [INF] SystemMonitor.Service.Worker Worker running at: "2025-08-20T22:52:32.2615806+08:00"
2025-08-20 22:52:33.276 +08:00 [INF] SystemMonitor.Service.Worker Worker running at: "2025-08-20T22:52:33.2761980+08:00"
2025-08-20 22:52:34.291 +08:00 [INF] SystemMonitor.Service.Worker Worker running at: "2025-08-20T22:52:34.2911483+08:00"
2025-08-20 22:52:35.300 +08:00 [INF] SystemMonitor.Service.Worker Worker running at: "2025-08-20T22:52:35.3000411+08:00"
2025-08-20 22:52:36.309 +08:00 [INF] SystemMonitor.Service.Worker Worker running at: "2025-08-20T22:52:36.3089881+08:00"
2025-08-20 22:52:37.321 +08:00 [INF] SystemMonitor.Service.Worker Worker running at: "2025-08-20T22:52:37.3209213+08:00"
2025-08-20 22:52:38.357 +08:00 [INF] SystemMonitor.Service.Worker Worker running at: "2025-08-20T22:52:38.3572290+08:00"
2025-08-20 22:52:39.358 +08:00 [INF] SystemMonitor.Service.Worker Worker running at: "2025-08-20T22:52:39.3580394+08:00"
2025-08-20 22:52:40.369 +08:00 [INF] SystemMonitor.Service.Worker Worker running at: "2025-08-20T22:52:40.3697845+08:00"
2025-08-20 22:52:41.384 +08:00 [INF] SystemMonitor.Service.Worker Worker running at: "2025-08-20T22:52:41.3846589+08:00"
2025-08-20 22:52:42.393 +08:00 [INF] SystemMonitor.Service.Worker Worker running at: "2025-08-20T22:52:42.3931933+08:00"
2025-08-20 22:52:43.408 +08:00 [INF] SystemMonitor.Service.Worker Worker running at: "2025-08-20T22:52:43.4081194+08:00"
2025-08-20 22:52:44.422 +08:00 [INF] SystemMonitor.Service.Worker Worker running at: "2025-08-20T22:52:44.4229224+08:00"
2025-08-20 22:52:45.425 +08:00 [INF] SystemMonitor.Service.Worker Worker running at: "2025-08-20T22:52:45.4251155+08:00"
2025-08-20 22:52:46.438 +08:00 [INF] SystemMonitor.Service.Worker Worker running at: "2025-08-20T22:52:46.4383223+08:00"
2025-08-20 22:52:47.046 +08:00 [INF] SystemMonitor.Service.Services.RpcHostedService 客户端已连接
2025-08-20 22:52:47.051 +08:00 [INF] SystemMonitor.Service.Services.RpcHostedService 客户端已连接
2025-08-20 22:52:47.106 +08:00 [INF] SystemMonitor.Service.Services.RpcHostedService 客户端断开：已达到流的结尾。
2025-08-20 22:52:47.441 +08:00 [INF] SystemMonitor.Service.Worker Worker running at: "2025-08-20T22:52:47.4411744+08:00"
2025-08-20 22:52:48.451 +08:00 [INF] SystemMonitor.Service.Worker Worker running at: "2025-08-20T22:52:48.4513119+08:00"
2025-08-20 22:52:49.466 +08:00 [INF] SystemMonitor.Service.Worker Worker running at: "2025-08-20T22:52:49.4659794+08:00"
2025-08-20 22:52:50.472 +08:00 [INF] SystemMonitor.Service.Worker Worker running at: "2025-08-20T22:52:50.4718626+08:00"
2025-08-20 22:52:51.480 +08:00 [INF] SystemMonitor.Service.Worker Worker running at: "2025-08-20T22:52:51.4807561+08:00"
2025-08-20 22:52:52.492 +08:00 [INF] SystemMonitor.Service.Worker Worker running at: "2025-08-20T22:52:52.4922308+08:00"
2025-08-20 22:52:53.496 +08:00 [INF] SystemMonitor.Service.Worker Worker running at: "2025-08-20T22:52:53.4964235+08:00"
2025-08-20 22:52:54.506 +08:00 [INF] SystemMonitor.Service.Worker Worker running at: "2025-08-20T22:52:54.5062175+08:00"
2025-08-20 22:52:55.514 +08:00 [INF] SystemMonitor.Service.Worker Worker running at: "2025-08-20T22:52:55.5148942+08:00"
2025-08-20 22:52:56.528 +08:00 [INF] SystemMonitor.Service.Worker Worker running at: "2025-08-20T22:52:56.5284613+08:00"
2025-08-20 22:52:57.537 +08:00 [INF] SystemMonitor.Service.Worker Worker running at: "2025-08-20T22:52:57.5377688+08:00"
2025-08-20 22:52:58.548 +08:00 [INF] SystemMonitor.Service.Worker Worker running at: "2025-08-20T22:52:58.5483097+08:00"
2025-08-20 22:52:58.791 +08:00 [INF] SystemMonitor.Service.Services.RpcHostedService 客户端已连接
2025-08-20 22:52:58.796 +08:00 [INF] SystemMonitor.Service.Services.RpcHostedService 客户端断开：已达到流的结尾。
2025-08-20 22:52:59.557 +08:00 [INF] SystemMonitor.Service.Worker Worker running at: "2025-08-20T22:52:59.5578528+08:00"
2025-08-20 22:53:00.572 +08:00 [INF] SystemMonitor.Service.Worker Worker running at: "2025-08-20T22:53:00.5728879+08:00"
2025-08-20 22:53:01.336 +08:00 [INF] SystemMonitor.Service.Services.RpcHostedService 客户端已连接
2025-08-20 22:53:01.339 +08:00 [INF] SystemMonitor.Service.Services.RpcHostedService 客户端断开：已达到流的结尾。
2025-08-20 22:53:01.580 +08:00 [INF] SystemMonitor.Service.Worker Worker running at: "2025-08-20T22:53:01.5804841+08:00"
2025-08-20 22:53:02.590 +08:00 [INF] SystemMonitor.Service.Worker Worker running at: "2025-08-20T22:53:02.5909076+08:00"
2025-08-20 22:53:03.602 +08:00 [INF] SystemMonitor.Service.Worker Worker running at: "2025-08-20T22:53:03.6025904+08:00"
2025-08-20 22:53:04.616 +08:00 [INF] SystemMonitor.Service.Worker Worker running at: "2025-08-20T22:53:04.6162019+08:00"
2025-08-20 22:53:05.638 +08:00 [INF] SystemMonitor.Service.Worker Worker running at: "2025-08-20T22:53:05.6380707+08:00"
2025-08-20 22:53:06.647 +08:00 [INF] SystemMonitor.Service.Worker Worker running at: "2025-08-20T22:53:06.6477363+08:00"
2025-08-20 22:53:07.660 +08:00 [INF] SystemMonitor.Service.Worker Worker running at: "2025-08-20T22:53:07.6602440+08:00"
2025-08-20 22:53:08.670 +08:00 [INF] SystemMonitor.Service.Worker Worker running at: "2025-08-20T22:53:08.6706207+08:00"
2025-08-20 22:53:09.681 +08:00 [INF] SystemMonitor.Service.Worker Worker running at: "2025-08-20T22:53:09.6819029+08:00"
2025-08-20 22:53:10.694 +08:00 [INF] SystemMonitor.Service.Worker Worker running at: "2025-08-20T22:53:10.6945085+08:00"
2025-08-20 22:53:11.700 +08:00 [INF] SystemMonitor.Service.Worker Worker running at: "2025-08-20T22:53:11.7004186+08:00"
2025-08-20 22:53:12.704 +08:00 [INF] SystemMonitor.Service.Worker Worker running at: "2025-08-20T22:53:12.7046243+08:00"
2025-08-20 22:53:13.716 +08:00 [INF] SystemMonitor.Service.Worker Worker running at: "2025-08-20T22:53:13.7168220+08:00"
2025-08-20 22:53:14.726 +08:00 [INF] SystemMonitor.Service.Worker Worker running at: "2025-08-20T22:53:14.7266224+08:00"
2025-08-20 22:53:15.739 +08:00 [INF] SystemMonitor.Service.Worker Worker running at: "2025-08-20T22:53:15.7390741+08:00"
2025-08-20 22:53:16.748 +08:00 [INF] SystemMonitor.Service.Worker Worker running at: "2025-08-20T22:53:16.7481278+08:00"
2025-08-20 22:53:17.705 +08:00 [INF] SystemMonitor.Service.Services.RpcHostedService 客户端已连接
2025-08-20 22:53:17.707 +08:00 [INF] SystemMonitor.Service.Services.RpcHostedService 客户端断开：已达到流的结尾。
2025-08-20 22:53:17.757 +08:00 [INF] SystemMonitor.Service.Worker Worker running at: "2025-08-20T22:53:17.7572921+08:00"
2025-08-20 22:53:18.768 +08:00 [INF] SystemMonitor.Service.Worker Worker running at: "2025-08-20T22:53:18.7685888+08:00"
2025-08-20 22:53:19.776 +08:00 [INF] SystemMonitor.Service.Worker Worker running at: "2025-08-20T22:53:19.7763671+08:00"
2025-08-20 22:53:20.785 +08:00 [INF] SystemMonitor.Service.Worker Worker running at: "2025-08-20T22:53:20.7852296+08:00"
2025-08-20 22:53:21.792 +08:00 [INF] SystemMonitor.Service.Worker Worker running at: "2025-08-20T22:53:21.7927061+08:00"
2025-08-20 22:53:22.803 +08:00 [INF] SystemMonitor.Service.Worker Worker running at: "2025-08-20T22:53:22.8035507+08:00"
2025-08-20 22:53:22.894 +08:00 [INF] SystemMonitor.Service.Services.RpcHostedService 客户端已连接
2025-08-20 22:53:22.897 +08:00 [INF] SystemMonitor.Service.Services.RpcHostedService 客户端断开：已达到流的结尾。
2025-08-20 22:53:23.812 +08:00 [INF] SystemMonitor.Service.Worker Worker running at: "2025-08-20T22:53:23.8128867+08:00"
2025-08-20 22:53:24.827 +08:00 [INF] SystemMonitor.Service.Worker Worker running at: "2025-08-20T22:53:24.8269112+08:00"
2025-08-20 22:53:25.827 +08:00 [INF] SystemMonitor.Service.Worker Worker running at: "2025-08-20T22:53:25.8275340+08:00"
2025-08-20 22:53:26.837 +08:00 [INF] SystemMonitor.Service.Worker Worker running at: "2025-08-20T22:53:26.8377501+08:00"
2025-08-20 22:53:27.844 +08:00 [INF] SystemMonitor.Service.Worker Worker running at: "2025-08-20T22:53:27.8445059+08:00"
2025-08-20 22:53:28.855 +08:00 [INF] SystemMonitor.Service.Worker Worker running at: "2025-08-20T22:53:28.8549842+08:00"
2025-08-20 22:53:29.866 +08:00 [INF] SystemMonitor.Service.Worker Worker running at: "2025-08-20T22:53:29.8663397+08:00"
2025-08-20 22:53:30.880 +08:00 [INF] SystemMonitor.Service.Worker Worker running at: "2025-08-20T22:53:30.8799453+08:00"
2025-08-20 22:53:31.890 +08:00 [INF] SystemMonitor.Service.Worker Worker running at: "2025-08-20T22:53:31.8900051+08:00"
2025-08-20 22:53:32.901 +08:00 [INF] SystemMonitor.Service.Worker Worker running at: "2025-08-20T22:53:32.9018063+08:00"
2025-08-20 22:53:33.909 +08:00 [INF] SystemMonitor.Service.Worker Worker running at: "2025-08-20T22:53:33.9094021+08:00"
2025-08-20 22:53:34.919 +08:00 [INF] SystemMonitor.Service.Worker Worker running at: "2025-08-20T22:53:34.9195873+08:00"
2025-08-20 22:53:35.931 +08:00 [INF] SystemMonitor.Service.Worker Worker running at: "2025-08-20T22:53:35.9316632+08:00"
2025-08-20 22:53:36.942 +08:00 [INF] SystemMonitor.Service.Worker Worker running at: "2025-08-20T22:53:36.9428084+08:00"
2025-08-20 22:53:37.953 +08:00 [INF] SystemMonitor.Service.Worker Worker running at: "2025-08-20T22:53:37.9531920+08:00"
2025-08-20 22:53:38.952 +08:00 [INF] SystemMonitor.Service.Worker Worker running at: "2025-08-20T22:53:38.9527495+08:00"
2025-08-20 22:53:39.964 +08:00 [INF] SystemMonitor.Service.Worker Worker running at: "2025-08-20T22:53:39.9645071+08:00"
2025-08-20 22:53:40.977 +08:00 [INF] SystemMonitor.Service.Worker Worker running at: "2025-08-20T22:53:40.9776779+08:00"
2025-08-20 22:53:41.985 +08:00 [INF] SystemMonitor.Service.Worker Worker running at: "2025-08-20T22:53:41.9858807+08:00"
2025-08-20 22:53:42.999 +08:00 [INF] SystemMonitor.Service.Worker Worker running at: "2025-08-20T22:53:42.9996886+08:00"
2025-08-20 22:53:44.010 +08:00 [INF] SystemMonitor.Service.Worker Worker running at: "2025-08-20T22:53:44.0099946+08:00"
2025-08-20 22:53:45.023 +08:00 [INF] SystemMonitor.Service.Worker Worker running at: "2025-08-20T22:53:45.0233979+08:00"
2025-08-20 22:53:46.036 +08:00 [INF] SystemMonitor.Service.Worker Worker running at: "2025-08-20T22:53:46.0360487+08:00"
2025-08-20 22:53:47.048 +08:00 [INF] SystemMonitor.Service.Worker Worker running at: "2025-08-20T22:53:47.0481332+08:00"
2025-08-20 22:53:48.062 +08:00 [INF] SystemMonitor.Service.Worker Worker running at: "2025-08-20T22:53:48.0629701+08:00"
2025-08-20 22:53:49.070 +08:00 [INF] SystemMonitor.Service.Worker Worker running at: "2025-08-20T22:53:49.0700242+08:00"
2025-08-20 22:53:50.088 +08:00 [INF] SystemMonitor.Service.Worker Worker running at: "2025-08-20T22:53:50.0881878+08:00"
2025-08-20 22:53:51.100 +08:00 [INF] SystemMonitor.Service.Worker Worker running at: "2025-08-20T22:53:51.1006636+08:00"
2025-08-20 22:53:52.111 +08:00 [INF] SystemMonitor.Service.Worker Worker running at: "2025-08-20T22:53:52.1113828+08:00"
2025-08-20 22:53:53.121 +08:00 [INF] SystemMonitor.Service.Worker Worker running at: "2025-08-20T22:53:53.1217651+08:00"
2025-08-20 22:53:54.128 +08:00 [INF] SystemMonitor.Service.Worker Worker running at: "2025-08-20T22:53:54.1288433+08:00"
2025-08-20 22:53:55.136 +08:00 [INF] SystemMonitor.Service.Worker Worker running at: "2025-08-20T22:53:55.1368076+08:00"
2025-08-20 22:53:56.151 +08:00 [INF] SystemMonitor.Service.Worker Worker running at: "2025-08-20T22:53:56.1513516+08:00"
2025-08-20 22:53:57.164 +08:00 [INF] SystemMonitor.Service.Worker Worker running at: "2025-08-20T22:53:57.1644623+08:00"
2025-08-20 22:53:58.176 +08:00 [INF] SystemMonitor.Service.Worker Worker running at: "2025-08-20T22:53:58.1763345+08:00"
2025-08-20 22:53:59.185 +08:00 [INF] SystemMonitor.Service.Worker Worker running at: "2025-08-20T22:53:59.1854812+08:00"
2025-08-20 22:54:00.194 +08:00 [INF] SystemMonitor.Service.Worker Worker running at: "2025-08-20T22:54:00.1942421+08:00"
2025-08-20 22:54:01.198 +08:00 [INF] SystemMonitor.Service.Worker Worker running at: "2025-08-20T22:54:01.1984197+08:00"
2025-08-20 22:54:02.213 +08:00 [INF] SystemMonitor.Service.Worker Worker running at: "2025-08-20T22:54:02.2136490+08:00"
2025-08-20 22:54:03.218 +08:00 [INF] SystemMonitor.Service.Worker Worker running at: "2025-08-20T22:54:03.2185393+08:00"
2025-08-20 22:54:04.230 +08:00 [INF] SystemMonitor.Service.Worker Worker running at: "2025-08-20T22:54:04.2302836+08:00"
2025-08-20 22:54:05.232 +08:00 [INF] SystemMonitor.Service.Worker Worker running at: "2025-08-20T22:54:05.2324965+08:00"
2025-08-20 22:54:06.236 +08:00 [INF] SystemMonitor.Service.Worker Worker running at: "2025-08-20T22:54:06.2361191+08:00"
2025-08-20 22:54:07.249 +08:00 [INF] SystemMonitor.Service.Worker Worker running at: "2025-08-20T22:54:07.2497989+08:00"
2025-08-20 22:54:08.254 +08:00 [INF] SystemMonitor.Service.Worker Worker running at: "2025-08-20T22:54:08.2547384+08:00"
2025-08-20 22:54:09.262 +08:00 [INF] SystemMonitor.Service.Worker Worker running at: "2025-08-20T22:54:09.2620218+08:00"
2025-08-20 22:54:10.264 +08:00 [INF] SystemMonitor.Service.Worker Worker running at: "2025-08-20T22:54:10.2640050+08:00"
2025-08-20 22:54:11.271 +08:00 [INF] SystemMonitor.Service.Worker Worker running at: "2025-08-20T22:54:11.2718533+08:00"
2025-08-20 22:54:12.275 +08:00 [INF] SystemMonitor.Service.Worker Worker running at: "2025-08-20T22:54:12.2752660+08:00"
2025-08-20 22:54:13.277 +08:00 [INF] SystemMonitor.Service.Worker Worker running at: "2025-08-20T22:54:13.2778078+08:00"
2025-08-20 22:54:14.289 +08:00 [INF] SystemMonitor.Service.Worker Worker running at: "2025-08-20T22:54:14.2891182+08:00"
2025-08-20 22:54:15.295 +08:00 [INF] SystemMonitor.Service.Worker Worker running at: "2025-08-20T22:54:15.2953340+08:00"
2025-08-20 22:54:16.302 +08:00 [INF] SystemMonitor.Service.Worker Worker running at: "2025-08-20T22:54:16.3027018+08:00"
2025-08-20 22:54:17.315 +08:00 [INF] SystemMonitor.Service.Worker Worker running at: "2025-08-20T22:54:17.3158670+08:00"
2025-08-20 22:54:18.320 +08:00 [INF] SystemMonitor.Service.Worker Worker running at: "2025-08-20T22:54:18.3203953+08:00"
2025-08-20 22:54:19.328 +08:00 [INF] SystemMonitor.Service.Worker Worker running at: "2025-08-20T22:54:19.3285564+08:00"
2025-08-20 22:54:20.333 +08:00 [INF] SystemMonitor.Service.Worker Worker running at: "2025-08-20T22:54:20.3330040+08:00"
2025-08-20 22:54:21.340 +08:00 [INF] SystemMonitor.Service.Worker Worker running at: "2025-08-20T22:54:21.3400432+08:00"
2025-08-20 22:54:22.345 +08:00 [INF] SystemMonitor.Service.Worker Worker running at: "2025-08-20T22:54:22.3455088+08:00"
2025-08-20 22:54:23.353 +08:00 [INF] SystemMonitor.Service.Worker Worker running at: "2025-08-20T22:54:23.3530345+08:00"
2025-08-20 22:54:24.359 +08:00 [INF] SystemMonitor.Service.Worker Worker running at: "2025-08-20T22:54:24.3594201+08:00"
2025-08-20 22:54:25.362 +08:00 [INF] SystemMonitor.Service.Worker Worker running at: "2025-08-20T22:54:25.3622516+08:00"
2025-08-20 22:54:26.364 +08:00 [INF] SystemMonitor.Service.Worker Worker running at: "2025-08-20T22:54:26.3646509+08:00"
2025-08-20 22:54:27.374 +08:00 [INF] SystemMonitor.Service.Worker Worker running at: "2025-08-20T22:54:27.3745163+08:00"
2025-08-20 22:54:28.377 +08:00 [INF] SystemMonitor.Service.Worker Worker running at: "2025-08-20T22:54:28.3777433+08:00"
2025-08-20 22:54:29.381 +08:00 [INF] SystemMonitor.Service.Worker Worker running at: "2025-08-20T22:54:29.3812616+08:00"
2025-08-20 22:54:30.390 +08:00 [INF] SystemMonitor.Service.Worker Worker running at: "2025-08-20T22:54:30.3909523+08:00"
2025-08-20 22:54:31.399 +08:00 [INF] SystemMonitor.Service.Worker Worker running at: "2025-08-20T22:54:31.3998768+08:00"
2025-08-20 22:54:32.407 +08:00 [INF] SystemMonitor.Service.Worker Worker running at: "2025-08-20T22:54:32.4074654+08:00"
2025-08-20 22:54:33.421 +08:00 [INF] SystemMonitor.Service.Worker Worker running at: "2025-08-20T22:54:33.4210197+08:00"
2025-08-20 22:54:34.433 +08:00 [INF] SystemMonitor.Service.Worker Worker running at: "2025-08-20T22:54:34.4337659+08:00"
2025-08-20 22:54:35.444 +08:00 [INF] SystemMonitor.Service.Worker Worker running at: "2025-08-20T22:54:35.4445223+08:00"
2025-08-20 22:54:36.454 +08:00 [INF] SystemMonitor.Service.Worker Worker running at: "2025-08-20T22:54:36.4543437+08:00"
2025-08-20 22:54:37.460 +08:00 [INF] SystemMonitor.Service.Worker Worker running at: "2025-08-20T22:54:37.4605536+08:00"
2025-08-20 22:54:38.466 +08:00 [INF] SystemMonitor.Service.Worker Worker running at: "2025-08-20T22:54:38.4660264+08:00"
2025-08-20 22:54:39.475 +08:00 [INF] SystemMonitor.Service.Worker Worker running at: "2025-08-20T22:54:39.4754867+08:00"
2025-08-20 22:54:40.478 +08:00 [INF] SystemMonitor.Service.Worker Worker running at: "2025-08-20T22:54:40.4784595+08:00"
2025-08-20 22:54:41.487 +08:00 [INF] SystemMonitor.Service.Worker Worker running at: "2025-08-20T22:54:41.4878880+08:00"
2025-08-20 22:54:42.500 +08:00 [INF] SystemMonitor.Service.Worker Worker running at: "2025-08-20T22:54:42.5006745+08:00"
2025-08-20 22:54:43.535 +08:00 [INF] SystemMonitor.Service.Worker Worker running at: "2025-08-20T22:54:43.5357659+08:00"
2025-08-20 22:54:44.544 +08:00 [INF] SystemMonitor.Service.Worker Worker running at: "2025-08-20T22:54:44.5442254+08:00"
2025-08-20 22:54:45.547 +08:00 [INF] SystemMonitor.Service.Worker Worker running at: "2025-08-20T22:54:45.5477271+08:00"
2025-08-20 22:54:46.550 +08:00 [INF] SystemMonitor.Service.Worker Worker running at: "2025-08-20T22:54:46.5500699+08:00"
2025-08-20 22:54:47.554 +08:00 [INF] SystemMonitor.Service.Worker Worker running at: "2025-08-20T22:54:47.5547795+08:00"
2025-08-20 22:54:48.568 +08:00 [INF] SystemMonitor.Service.Worker Worker running at: "2025-08-20T22:54:48.5682854+08:00"
2025-08-20 22:54:49.573 +08:00 [INF] SystemMonitor.Service.Worker Worker running at: "2025-08-20T22:54:49.5733492+08:00"
2025-08-20 22:54:50.577 +08:00 [INF] SystemMonitor.Service.Worker Worker running at: "2025-08-20T22:54:50.5773279+08:00"
2025-08-20 22:54:51.587 +08:00 [INF] SystemMonitor.Service.Worker Worker running at: "2025-08-20T22:54:51.5876107+08:00"
2025-08-20 22:54:52.591 +08:00 [INF] SystemMonitor.Service.Worker Worker running at: "2025-08-20T22:54:52.5914721+08:00"
2025-08-20 22:54:53.597 +08:00 [INF] SystemMonitor.Service.Worker Worker running at: "2025-08-20T22:54:53.5977778+08:00"
2025-08-20 22:54:54.604 +08:00 [INF] SystemMonitor.Service.Worker Worker running at: "2025-08-20T22:54:54.6041696+08:00"
2025-08-20 22:54:55.609 +08:00 [INF] SystemMonitor.Service.Worker Worker running at: "2025-08-20T22:54:55.6090705+08:00"
2025-08-20 22:54:56.618 +08:00 [INF] SystemMonitor.Service.Worker Worker running at: "2025-08-20T22:54:56.6187757+08:00"
2025-08-20 22:54:57.624 +08:00 [INF] SystemMonitor.Service.Worker Worker running at: "2025-08-20T22:54:57.6245192+08:00"
2025-08-20 22:54:58.628 +08:00 [INF] SystemMonitor.Service.Worker Worker running at: "2025-08-20T22:54:58.6285128+08:00"
2025-08-20 22:54:59.634 +08:00 [INF] SystemMonitor.Service.Worker Worker running at: "2025-08-20T22:54:59.6344709+08:00"
2025-08-20 22:55:00.639 +08:00 [INF] SystemMonitor.Service.Worker Worker running at: "2025-08-20T22:55:00.6393513+08:00"
2025-08-20 22:55:01.646 +08:00 [INF] SystemMonitor.Service.Worker Worker running at: "2025-08-20T22:55:01.6465574+08:00"
2025-08-20 22:55:02.652 +08:00 [INF] SystemMonitor.Service.Worker Worker running at: "2025-08-20T22:55:02.6522325+08:00"
2025-08-20 22:55:03.661 +08:00 [INF] SystemMonitor.Service.Worker Worker running at: "2025-08-20T22:55:03.6610605+08:00"
2025-08-20 22:55:04.669 +08:00 [INF] SystemMonitor.Service.Worker Worker running at: "2025-08-20T22:55:04.6698078+08:00"
2025-08-20 22:55:05.678 +08:00 [INF] SystemMonitor.Service.Worker Worker running at: "2025-08-20T22:55:05.6781574+08:00"
2025-08-20 22:55:06.687 +08:00 [INF] SystemMonitor.Service.Worker Worker running at: "2025-08-20T22:55:06.6878574+08:00"
2025-08-20 22:55:07.688 +08:00 [INF] SystemMonitor.Service.Worker Worker running at: "2025-08-20T22:55:07.6883363+08:00"
2025-08-20 22:55:08.690 +08:00 [INF] SystemMonitor.Service.Worker Worker running at: "2025-08-20T22:55:08.6902397+08:00"
2025-08-20 22:55:09.697 +08:00 [INF] SystemMonitor.Service.Worker Worker running at: "2025-08-20T22:55:09.6974819+08:00"
2025-08-20 22:55:10.706 +08:00 [INF] SystemMonitor.Service.Worker Worker running at: "2025-08-20T22:55:10.7059709+08:00"
2025-08-20 22:55:11.714 +08:00 [INF] SystemMonitor.Service.Worker Worker running at: "2025-08-20T22:55:11.7146861+08:00"
2025-08-20 22:55:12.727 +08:00 [INF] SystemMonitor.Service.Worker Worker running at: "2025-08-20T22:55:12.7270149+08:00"
2025-08-20 22:55:13.732 +08:00 [INF] SystemMonitor.Service.Worker Worker running at: "2025-08-20T22:55:13.7322464+08:00"
2025-08-20 22:55:14.745 +08:00 [INF] SystemMonitor.Service.Worker Worker running at: "2025-08-20T22:55:14.7449959+08:00"
2025-08-20 22:55:15.744 +08:00 [INF] SystemMonitor.Service.Worker Worker running at: "2025-08-20T22:55:15.7444472+08:00"
2025-08-20 22:55:16.752 +08:00 [INF] SystemMonitor.Service.Worker Worker running at: "2025-08-20T22:55:16.7528997+08:00"
2025-08-20 22:55:17.765 +08:00 [INF] SystemMonitor.Service.Worker Worker running at: "2025-08-20T22:55:17.7657064+08:00"
2025-08-20 22:55:18.777 +08:00 [INF] SystemMonitor.Service.Worker Worker running at: "2025-08-20T22:55:18.7775471+08:00"
2025-08-20 22:55:19.792 +08:00 [INF] SystemMonitor.Service.Worker Worker running at: "2025-08-20T22:55:19.7921892+08:00"
2025-08-20 22:55:20.798 +08:00 [INF] SystemMonitor.Service.Worker Worker running at: "2025-08-20T22:55:20.7988378+08:00"
2025-08-20 22:55:21.808 +08:00 [INF] SystemMonitor.Service.Worker Worker running at: "2025-08-20T22:55:21.8088180+08:00"
2025-08-20 22:55:22.814 +08:00 [INF] SystemMonitor.Service.Worker Worker running at: "2025-08-20T22:55:22.8141521+08:00"
2025-08-20 22:55:23.814 +08:00 [INF] SystemMonitor.Service.Worker Worker running at: "2025-08-20T22:55:23.8146840+08:00"
2025-08-20 22:55:24.821 +08:00 [INF] SystemMonitor.Service.Worker Worker running at: "2025-08-20T22:55:24.8213633+08:00"
2025-08-20 22:55:25.835 +08:00 [INF] SystemMonitor.Service.Worker Worker running at: "2025-08-20T22:55:25.8358317+08:00"
2025-08-20 22:55:26.844 +08:00 [INF] SystemMonitor.Service.Worker Worker running at: "2025-08-20T22:55:26.8440254+08:00"
2025-08-20 22:55:27.846 +08:00 [INF] SystemMonitor.Service.Worker Worker running at: "2025-08-20T22:55:27.8464936+08:00"
2025-08-20 22:55:28.861 +08:00 [INF] SystemMonitor.Service.Worker Worker running at: "2025-08-20T22:55:28.8610191+08:00"
2025-08-20 22:55:29.865 +08:00 [INF] SystemMonitor.Service.Worker Worker running at: "2025-08-20T22:55:29.8658520+08:00"
2025-08-20 22:55:30.874 +08:00 [INF] SystemMonitor.Service.Worker Worker running at: "2025-08-20T22:55:30.8743129+08:00"
2025-08-20 22:55:31.880 +08:00 [INF] SystemMonitor.Service.Worker Worker running at: "2025-08-20T22:55:31.8805193+08:00"
2025-08-20 22:55:32.891 +08:00 [INF] SystemMonitor.Service.Worker Worker running at: "2025-08-20T22:55:32.8918117+08:00"
2025-08-20 22:55:33.896 +08:00 [INF] SystemMonitor.Service.Worker Worker running at: "2025-08-20T22:55:33.8964512+08:00"
2025-08-20 22:55:34.904 +08:00 [INF] SystemMonitor.Service.Worker Worker running at: "2025-08-20T22:55:34.9042993+08:00"
2025-08-20 22:55:35.914 +08:00 [INF] SystemMonitor.Service.Worker Worker running at: "2025-08-20T22:55:35.9141950+08:00"
2025-08-20 22:55:36.919 +08:00 [INF] SystemMonitor.Service.Worker Worker running at: "2025-08-20T22:55:36.9198525+08:00"
2025-08-20 22:55:37.928 +08:00 [INF] SystemMonitor.Service.Worker Worker running at: "2025-08-20T22:55:37.9287635+08:00"
2025-08-20 22:55:38.938 +08:00 [INF] SystemMonitor.Service.Worker Worker running at: "2025-08-20T22:55:38.9381161+08:00"
2025-08-20 22:55:39.942 +08:00 [INF] SystemMonitor.Service.Worker Worker running at: "2025-08-20T22:55:39.9423898+08:00"
2025-08-20 22:55:40.950 +08:00 [INF] SystemMonitor.Service.Worker Worker running at: "2025-08-20T22:55:40.9500755+08:00"
2025-08-20 22:55:41.965 +08:00 [INF] SystemMonitor.Service.Worker Worker running at: "2025-08-20T22:55:41.9650052+08:00"
2025-08-20 22:55:42.978 +08:00 [INF] SystemMonitor.Service.Worker Worker running at: "2025-08-20T22:55:42.9783050+08:00"
2025-08-20 22:55:43.983 +08:00 [INF] SystemMonitor.Service.Worker Worker running at: "2025-08-20T22:55:43.9833839+08:00"
2025-08-20 22:55:44.991 +08:00 [INF] SystemMonitor.Service.Worker Worker running at: "2025-08-20T22:55:44.9914148+08:00"
2025-08-20 22:55:46.003 +08:00 [INF] SystemMonitor.Service.Worker Worker running at: "2025-08-20T22:55:46.0036048+08:00"
2025-08-20 22:55:47.015 +08:00 [INF] SystemMonitor.Service.Worker Worker running at: "2025-08-20T22:55:47.0151920+08:00"
2025-08-20 22:55:48.020 +08:00 [INF] SystemMonitor.Service.Worker Worker running at: "2025-08-20T22:55:48.0199659+08:00"
2025-08-20 22:55:49.026 +08:00 [INF] SystemMonitor.Service.Worker Worker running at: "2025-08-20T22:55:49.0263516+08:00"
2025-08-20 22:55:50.031 +08:00 [INF] SystemMonitor.Service.Worker Worker running at: "2025-08-20T22:55:50.0315973+08:00"
2025-08-20 22:55:51.035 +08:00 [INF] SystemMonitor.Service.Worker Worker running at: "2025-08-20T22:55:51.0353307+08:00"
2025-08-20 22:55:52.068 +08:00 [INF] SystemMonitor.Service.Worker Worker running at: "2025-08-20T22:55:52.0687394+08:00"
2025-08-20 22:55:53.078 +08:00 [INF] SystemMonitor.Service.Services.RpcHostedService 客户端断开：已达到流的结尾。
2025-08-20 22:55:53.120 +08:00 [INF] SystemMonitor.Service.Worker Worker running at: "2025-08-20T22:55:53.1200537+08:00"
2025-08-20 22:55:54.126 +08:00 [INF] SystemMonitor.Service.Worker Worker running at: "2025-08-20T22:55:54.1269711+08:00"
2025-08-20 22:55:55.156 +08:00 [INF] SystemMonitor.Service.Worker Worker running at: "2025-08-20T22:55:55.1565671+08:00"
2025-08-20 22:55:56.171 +08:00 [INF] SystemMonitor.Service.Worker Worker running at: "2025-08-20T22:55:56.1711611+08:00"
2025-08-20 22:55:57.210 +08:00 [INF] SystemMonitor.Service.Worker Worker running at: "2025-08-20T22:55:57.2101238+08:00"
2025-08-20 22:55:58.222 +08:00 [INF] SystemMonitor.Service.Worker Worker running at: "2025-08-20T22:55:58.2227723+08:00"
2025-08-20 22:55:59.258 +08:00 [INF] SystemMonitor.Service.Worker Worker running at: "2025-08-20T22:55:59.2584375+08:00"
2025-08-20 22:56:00.420 +08:00 [INF] SystemMonitor.Service.Worker Worker running at: "2025-08-20T22:56:00.4206843+08:00"
2025-08-20 22:56:01.456 +08:00 [INF] SystemMonitor.Service.Worker Worker running at: "2025-08-20T22:56:01.4567964+08:00"
2025-08-20 22:56:02.509 +08:00 [INF] SystemMonitor.Service.Worker Worker running at: "2025-08-20T22:56:02.5091555+08:00"
2025-08-20 22:56:03.566 +08:00 [INF] SystemMonitor.Service.Worker Worker running at: "2025-08-20T22:56:03.5660989+08:00"
2025-08-20 22:56:04.623 +08:00 [INF] SystemMonitor.Service.Worker Worker running at: "2025-08-20T22:56:04.6236719+08:00"
2025-08-20 22:56:05.659 +08:00 [INF] SystemMonitor.Service.Worker Worker running at: "2025-08-20T22:56:05.6593301+08:00"
2025-08-20 22:56:06.701 +08:00 [INF] SystemMonitor.Service.Worker Worker running at: "2025-08-20T22:56:06.7010274+08:00"
2025-08-20 22:56:07.731 +08:00 [INF] SystemMonitor.Service.Worker Worker running at: "2025-08-20T22:56:07.7315923+08:00"
2025-08-20 22:56:08.935 +08:00 [INF] SystemMonitor.Service.Worker Worker running at: "2025-08-20T22:56:08.9357370+08:00"
2025-08-20 22:56:09.988 +08:00 [INF] SystemMonitor.Service.Worker Worker running at: "2025-08-20T22:56:09.9884092+08:00"
2025-08-20 22:56:10.995 +08:00 [INF] SystemMonitor.Service.Worker Worker running at: "2025-08-20T22:56:10.9957716+08:00"
2025-08-20 22:56:12.013 +08:00 [INF] SystemMonitor.Service.Worker Worker running at: "2025-08-20T22:56:12.0137952+08:00"
2025-08-20 22:56:13.040 +08:00 [INF] SystemMonitor.Service.Worker Worker running at: "2025-08-20T22:56:13.0404984+08:00"
2025-08-20 22:56:14.080 +08:00 [INF] SystemMonitor.Service.Worker Worker running at: "2025-08-20T22:56:14.0807140+08:00"
2025-08-20 22:56:15.104 +08:00 [INF] SystemMonitor.Service.Worker Worker running at: "2025-08-20T22:56:15.1048412+08:00"
2025-08-20 22:56:16.153 +08:00 [INF] SystemMonitor.Service.Worker Worker running at: "2025-08-20T22:56:16.1534791+08:00"
2025-08-20 22:56:17.199 +08:00 [INF] SystemMonitor.Service.Worker Worker running at: "2025-08-20T22:56:17.1997362+08:00"
2025-08-20 22:56:18.252 +08:00 [INF] SystemMonitor.Service.Worker Worker running at: "2025-08-20T22:56:18.2528739+08:00"
2025-08-20 22:56:19.277 +08:00 [INF] SystemMonitor.Service.Worker Worker running at: "2025-08-20T22:56:19.2772342+08:00"
2025-08-20 22:56:20.399 +08:00 [INF] SystemMonitor.Service.Worker Worker running at: "2025-08-20T22:56:20.3994802+08:00"
2025-08-20 22:56:21.434 +08:00 [INF] SystemMonitor.Service.Worker Worker running at: "2025-08-20T22:56:21.4342004+08:00"
2025-08-20 22:56:22.482 +08:00 [INF] SystemMonitor.Service.Worker Worker running at: "2025-08-20T22:56:22.4827121+08:00"
2025-08-20 22:56:23.490 +08:00 [INF] SystemMonitor.Service.Worker Worker running at: "2025-08-20T22:56:23.4906334+08:00"
2025-08-20 22:56:24.508 +08:00 [INF] SystemMonitor.Service.Worker Worker running at: "2025-08-20T22:56:24.5083676+08:00"
2025-08-20 22:56:25.521 +08:00 [INF] SystemMonitor.Service.Worker Worker running at: "2025-08-20T22:56:25.5213834+08:00"
2025-08-20 22:56:26.528 +08:00 [INF] SystemMonitor.Service.Worker Worker running at: "2025-08-20T22:56:26.5288649+08:00"
2025-08-20 22:56:27.539 +08:00 [INF] SystemMonitor.Service.Worker Worker running at: "2025-08-20T22:56:27.5395959+08:00"
2025-08-20 22:56:28.604 +08:00 [INF] SystemMonitor.Service.Worker Worker running at: "2025-08-20T22:56:28.6040130+08:00"
2025-08-20 22:56:29.615 +08:00 [INF] SystemMonitor.Service.Worker Worker running at: "2025-08-20T22:56:29.6157188+08:00"
2025-08-20 22:56:30.620 +08:00 [INF] SystemMonitor.Service.Worker Worker running at: "2025-08-20T22:56:30.6199783+08:00"
2025-08-20 22:56:31.632 +08:00 [INF] SystemMonitor.Service.Worker Worker running at: "2025-08-20T22:56:31.6323713+08:00"
2025-08-20 22:56:32.641 +08:00 [INF] SystemMonitor.Service.Worker Worker running at: "2025-08-20T22:56:32.6410331+08:00"
2025-08-20 22:56:33.644 +08:00 [INF] SystemMonitor.Service.Worker Worker running at: "2025-08-20T22:56:33.6446303+08:00"
2025-08-20 22:56:34.656 +08:00 [INF] SystemMonitor.Service.Worker Worker running at: "2025-08-20T22:56:34.6561423+08:00"
2025-08-20 22:56:35.660 +08:00 [INF] SystemMonitor.Service.Worker Worker running at: "2025-08-20T22:56:35.6608427+08:00"
2025-08-20 22:56:36.674 +08:00 [INF] SystemMonitor.Service.Worker Worker running at: "2025-08-20T22:56:36.6743218+08:00"
2025-08-20 22:56:37.681 +08:00 [INF] SystemMonitor.Service.Worker Worker running at: "2025-08-20T22:56:37.6813950+08:00"
2025-08-20 22:56:37.786 +08:00 [INF] SystemMonitor.Service.Services.RpcHostedService 客户端已连接
2025-08-20 22:56:37.792 +08:00 [INF] SystemMonitor.Service.Services.RpcHostedService 客户端已连接
2025-08-20 22:56:37.795 +08:00 [INF] SystemMonitor.Service.Services.RpcHostedService 客户端断开：已达到流的结尾。
2025-08-20 22:56:37.800 +08:00 [INF] SystemMonitor.Service.Services.RpcHostedService 客户端已连接
2025-08-20 22:56:37.801 +08:00 [INF] SystemMonitor.Service.Services.RpcHostedService 客户端断开：已达到流的结尾。
2025-08-20 22:56:38.689 +08:00 [INF] SystemMonitor.Service.Worker Worker running at: "2025-08-20T22:56:38.6891450+08:00"
2025-08-20 22:56:39.698 +08:00 [INF] SystemMonitor.Service.Worker Worker running at: "2025-08-20T22:56:39.6979741+08:00"
2025-08-20 22:56:40.709 +08:00 [INF] SystemMonitor.Service.Worker Worker running at: "2025-08-20T22:56:40.7090790+08:00"
2025-08-20 22:56:41.723 +08:00 [INF] SystemMonitor.Service.Worker Worker running at: "2025-08-20T22:56:41.7238834+08:00"
2025-08-20 22:56:42.734 +08:00 [INF] SystemMonitor.Service.Worker Worker running at: "2025-08-20T22:56:42.7345717+08:00"
2025-08-20 22:56:43.747 +08:00 [INF] SystemMonitor.Service.Worker Worker running at: "2025-08-20T22:56:43.7473164+08:00"
2025-08-20 22:56:44.759 +08:00 [INF] SystemMonitor.Service.Worker Worker running at: "2025-08-20T22:56:44.7597228+08:00"
2025-08-20 22:56:45.768 +08:00 [INF] SystemMonitor.Service.Worker Worker running at: "2025-08-20T22:56:45.7679886+08:00"
2025-08-20 22:56:46.771 +08:00 [INF] SystemMonitor.Service.Worker Worker running at: "2025-08-20T22:56:46.7714494+08:00"
2025-08-20 22:56:47.776 +08:00 [INF] SystemMonitor.Service.Worker Worker running at: "2025-08-20T22:56:47.7765234+08:00"
2025-08-20 22:56:48.783 +08:00 [INF] SystemMonitor.Service.Worker Worker running at: "2025-08-20T22:56:48.7836068+08:00"
2025-08-20 22:56:49.791 +08:00 [INF] SystemMonitor.Service.Worker Worker running at: "2025-08-20T22:56:49.7917283+08:00"
2025-08-20 22:56:50.807 +08:00 [INF] SystemMonitor.Service.Worker Worker running at: "2025-08-20T22:56:50.8073919+08:00"
2025-08-20 22:56:51.815 +08:00 [INF] SystemMonitor.Service.Worker Worker running at: "2025-08-20T22:56:51.8155372+08:00"
2025-08-20 22:56:52.820 +08:00 [INF] SystemMonitor.Service.Worker Worker running at: "2025-08-20T22:56:52.8208600+08:00"
2025-08-20 22:56:53.830 +08:00 [INF] SystemMonitor.Service.Worker Worker running at: "2025-08-20T22:56:53.8301655+08:00"
2025-08-20 22:56:54.844 +08:00 [INF] SystemMonitor.Service.Worker Worker running at: "2025-08-20T22:56:54.8440879+08:00"
2025-08-20 22:56:55.850 +08:00 [INF] SystemMonitor.Service.Worker Worker running at: "2025-08-20T22:56:55.8499708+08:00"
2025-08-20 22:56:56.850 +08:00 [INF] SystemMonitor.Service.Worker Worker running at: "2025-08-20T22:56:56.8506677+08:00"
2025-08-20 22:56:57.856 +08:00 [INF] SystemMonitor.Service.Worker Worker running at: "2025-08-20T22:56:57.8561576+08:00"
2025-08-20 22:56:58.864 +08:00 [INF] SystemMonitor.Service.Worker Worker running at: "2025-08-20T22:56:58.8641856+08:00"
2025-08-20 22:56:59.868 +08:00 [INF] SystemMonitor.Service.Worker Worker running at: "2025-08-20T22:56:59.8680614+08:00"
2025-08-20 22:57:00.872 +08:00 [INF] SystemMonitor.Service.Worker Worker running at: "2025-08-20T22:57:00.8721007+08:00"
2025-08-20 22:57:01.878 +08:00 [INF] SystemMonitor.Service.Worker Worker running at: "2025-08-20T22:57:01.8785175+08:00"
2025-08-20 22:57:02.884 +08:00 [INF] SystemMonitor.Service.Worker Worker running at: "2025-08-20T22:57:02.8849158+08:00"
2025-08-20 22:57:03.890 +08:00 [INF] SystemMonitor.Service.Worker Worker running at: "2025-08-20T22:57:03.8905146+08:00"
2025-08-20 22:57:04.901 +08:00 [INF] SystemMonitor.Service.Worker Worker running at: "2025-08-20T22:57:04.9012707+08:00"
2025-08-20 22:57:05.912 +08:00 [INF] SystemMonitor.Service.Worker Worker running at: "2025-08-20T22:57:05.9124390+08:00"
2025-08-20 22:57:06.921 +08:00 [INF] SystemMonitor.Service.Worker Worker running at: "2025-08-20T22:57:06.9215881+08:00"
2025-08-20 22:57:07.194 +08:00 [INF] SystemMonitor.Service.Services.RpcHostedService 客户端断开：已达到流的结尾。
2025-08-20 22:58:52.006 +08:00 [INF] SystemMonitor.Service.Worker Worker running at: "2025-08-20T22:58:51.9964946+08:00"
2025-08-20 22:58:52.030 +08:00 [INF] SystemMonitor.Service.Services.RpcHostedService RPC 服务启动，等待客户端连接…
2025-08-20 22:58:52.068 +08:00 [INF] SystemMonitor.Service.Services.RpcHostedService 客户端已连接
2025-08-20 22:58:52.127 +08:00 [INF] SystemMonitor.Service.Services.RpcHostedService 客户端断开：已达到流的结尾。
2025-08-20 22:58:53.042 +08:00 [INF] SystemMonitor.Service.Worker Worker running at: "2025-08-20T22:58:53.0422950+08:00"
2025-08-20 22:58:54.048 +08:00 [INF] SystemMonitor.Service.Worker Worker running at: "2025-08-20T22:58:54.0483903+08:00"
2025-08-20 22:58:55.062 +08:00 [INF] SystemMonitor.Service.Worker Worker running at: "2025-08-20T22:58:55.0624989+08:00"
2025-08-20 22:58:56.074 +08:00 [INF] SystemMonitor.Service.Worker Worker running at: "2025-08-20T22:58:56.0744514+08:00"
2025-08-20 22:58:57.085 +08:00 [INF] SystemMonitor.Service.Worker Worker running at: "2025-08-20T22:58:57.0857123+08:00"
2025-08-20 22:58:58.096 +08:00 [INF] SystemMonitor.Service.Worker Worker running at: "2025-08-20T22:58:58.0966500+08:00"
2025-08-20 22:58:59.108 +08:00 [INF] SystemMonitor.Service.Worker Worker running at: "2025-08-20T22:58:59.1081664+08:00"
2025-08-20 22:59:00.121 +08:00 [INF] SystemMonitor.Service.Worker Worker running at: "2025-08-20T22:59:00.1213561+08:00"
2025-08-20 22:59:01.131 +08:00 [INF] SystemMonitor.Service.Worker Worker running at: "2025-08-20T22:59:01.1317228+08:00"
2025-08-20 22:59:02.143 +08:00 [INF] SystemMonitor.Service.Worker Worker running at: "2025-08-20T22:59:02.1429386+08:00"
2025-08-20 22:59:03.156 +08:00 [INF] SystemMonitor.Service.Worker Worker running at: "2025-08-20T22:59:03.1562888+08:00"
2025-08-20 22:59:04.170 +08:00 [INF] SystemMonitor.Service.Worker Worker running at: "2025-08-20T22:59:04.1706290+08:00"
2025-08-20 22:59:05.184 +08:00 [INF] SystemMonitor.Service.Worker Worker running at: "2025-08-20T22:59:05.1849044+08:00"
2025-08-20 22:59:06.194 +08:00 [INF] SystemMonitor.Service.Worker Worker running at: "2025-08-20T22:59:06.1943311+08:00"
2025-08-20 22:59:07.205 +08:00 [INF] SystemMonitor.Service.Worker Worker running at: "2025-08-20T22:59:07.2051479+08:00"
2025-08-20 22:59:08.217 +08:00 [INF] SystemMonitor.Service.Worker Worker running at: "2025-08-20T22:59:08.2177164+08:00"
2025-08-20 22:59:09.230 +08:00 [INF] SystemMonitor.Service.Worker Worker running at: "2025-08-20T22:59:09.2300554+08:00"
2025-08-20 22:59:10.243 +08:00 [INF] SystemMonitor.Service.Worker Worker running at: "2025-08-20T22:59:10.2433285+08:00"
2025-08-20 22:59:11.244 +08:00 [INF] SystemMonitor.Service.Worker Worker running at: "2025-08-20T22:59:11.2448377+08:00"
2025-08-20 22:59:12.251 +08:00 [INF] SystemMonitor.Service.Worker Worker running at: "2025-08-20T22:59:12.2518888+08:00"
2025-08-20 22:59:13.252 +08:00 [INF] SystemMonitor.Service.Worker Worker running at: "2025-08-20T22:59:13.2527301+08:00"
2025-08-20 22:59:14.256 +08:00 [INF] SystemMonitor.Service.Worker Worker running at: "2025-08-20T22:59:14.2562530+08:00"
2025-08-20 22:59:15.261 +08:00 [INF] SystemMonitor.Service.Worker Worker running at: "2025-08-20T22:59:15.2611259+08:00"
2025-08-20 22:59:16.268 +08:00 [INF] SystemMonitor.Service.Worker Worker running at: "2025-08-20T22:59:16.2681853+08:00"
2025-08-20 22:59:17.207 +08:00 [INF] SystemMonitor.Service.Services.RpcHostedService 客户端已连接
2025-08-20 22:59:17.211 +08:00 [INF] SystemMonitor.Service.Services.RpcHostedService 客户端已连接
2025-08-20 22:59:17.274 +08:00 [INF] SystemMonitor.Service.Services.RpcHostedService 客户端断开：已达到流的结尾。
2025-08-20 22:59:17.274 +08:00 [INF] SystemMonitor.Service.Services.RpcHostedService 客户端已连接
2025-08-20 22:59:17.275 +08:00 [INF] SystemMonitor.Service.Services.RpcHostedService 客户端断开：已达到流的结尾。
2025-08-20 22:59:17.282 +08:00 [INF] SystemMonitor.Service.Worker Worker running at: "2025-08-20T22:59:17.2824438+08:00"
2025-08-20 22:59:18.297 +08:00 [INF] SystemMonitor.Service.Worker Worker running at: "2025-08-20T22:59:18.2979288+08:00"
2025-08-20 22:59:19.310 +08:00 [INF] SystemMonitor.Service.Worker Worker running at: "2025-08-20T22:59:19.3103792+08:00"
2025-08-20 22:59:20.319 +08:00 [INF] SystemMonitor.Service.Worker Worker running at: "2025-08-20T22:59:20.3195613+08:00"
2025-08-20 22:59:21.328 +08:00 [INF] SystemMonitor.Service.Worker Worker running at: "2025-08-20T22:59:21.3284421+08:00"
2025-08-20 22:59:22.358 +08:00 [INF] SystemMonitor.Service.Worker Worker running at: "2025-08-20T22:59:22.3584470+08:00"
2025-08-20 22:59:23.362 +08:00 [INF] SystemMonitor.Service.Worker Worker running at: "2025-08-20T22:59:23.3623094+08:00"
2025-08-20 22:59:24.370 +08:00 [INF] SystemMonitor.Service.Worker Worker running at: "2025-08-20T22:59:24.3703702+08:00"
2025-08-20 22:59:25.383 +08:00 [INF] SystemMonitor.Service.Worker Worker running at: "2025-08-20T22:59:25.3837692+08:00"
2025-08-20 22:59:26.395 +08:00 [INF] SystemMonitor.Service.Worker Worker running at: "2025-08-20T22:59:26.3952649+08:00"
2025-08-20 22:59:27.407 +08:00 [INF] SystemMonitor.Service.Worker Worker running at: "2025-08-20T22:59:27.4079267+08:00"
2025-08-20 22:59:28.418 +08:00 [INF] SystemMonitor.Service.Worker Worker running at: "2025-08-20T22:59:28.4179820+08:00"
2025-08-20 22:59:29.425 +08:00 [INF] SystemMonitor.Service.Worker Worker running at: "2025-08-20T22:59:29.4254395+08:00"
2025-08-20 22:59:30.434 +08:00 [INF] SystemMonitor.Service.Worker Worker running at: "2025-08-20T22:59:30.4344726+08:00"
2025-08-20 22:59:31.440 +08:00 [INF] SystemMonitor.Service.Worker Worker running at: "2025-08-20T22:59:31.4400077+08:00"
2025-08-20 22:59:32.451 +08:00 [INF] SystemMonitor.Service.Worker Worker running at: "2025-08-20T22:59:32.4513528+08:00"
2025-08-20 22:59:33.461 +08:00 [INF] SystemMonitor.Service.Worker Worker running at: "2025-08-20T22:59:33.4616785+08:00"
2025-08-20 22:59:34.466 +08:00 [INF] SystemMonitor.Service.Worker Worker running at: "2025-08-20T22:59:34.4660928+08:00"
2025-08-20 22:59:35.471 +08:00 [INF] SystemMonitor.Service.Worker Worker running at: "2025-08-20T22:59:35.4712321+08:00"
2025-08-20 22:59:36.476 +08:00 [INF] SystemMonitor.Service.Worker Worker running at: "2025-08-20T22:59:36.4765853+08:00"
2025-08-20 22:59:37.482 +08:00 [INF] SystemMonitor.Service.Worker Worker running at: "2025-08-20T22:59:37.4828040+08:00"
2025-08-20 22:59:38.486 +08:00 [INF] SystemMonitor.Service.Worker Worker running at: "2025-08-20T22:59:38.4860348+08:00"
2025-08-20 22:59:39.492 +08:00 [INF] SystemMonitor.Service.Worker Worker running at: "2025-08-20T22:59:39.4922659+08:00"
2025-08-20 22:59:40.500 +08:00 [INF] SystemMonitor.Service.Worker Worker running at: "2025-08-20T22:59:40.5004030+08:00"
2025-08-20 22:59:41.507 +08:00 [INF] SystemMonitor.Service.Worker Worker running at: "2025-08-20T22:59:41.5071650+08:00"
2025-08-20 22:59:42.521 +08:00 [INF] SystemMonitor.Service.Worker Worker running at: "2025-08-20T22:59:42.5207968+08:00"
2025-08-20 22:59:43.529 +08:00 [INF] SystemMonitor.Service.Worker Worker running at: "2025-08-20T22:59:43.5298445+08:00"
2025-08-20 22:59:44.538 +08:00 [INF] SystemMonitor.Service.Worker Worker running at: "2025-08-20T22:59:44.5382739+08:00"
2025-08-20 22:59:45.552 +08:00 [INF] SystemMonitor.Service.Worker Worker running at: "2025-08-20T22:59:45.5523902+08:00"
2025-08-20 22:59:46.565 +08:00 [INF] SystemMonitor.Service.Worker Worker running at: "2025-08-20T22:59:46.5653929+08:00"
2025-08-20 22:59:47.575 +08:00 [INF] SystemMonitor.Service.Worker Worker running at: "2025-08-20T22:59:47.5756252+08:00"
2025-08-20 22:59:48.587 +08:00 [INF] SystemMonitor.Service.Worker Worker running at: "2025-08-20T22:59:48.5877970+08:00"
2025-08-20 22:59:49.599 +08:00 [INF] SystemMonitor.Service.Worker Worker running at: "2025-08-20T22:59:49.5993860+08:00"
2025-08-20 22:59:50.612 +08:00 [INF] SystemMonitor.Service.Worker Worker running at: "2025-08-20T22:59:50.6122444+08:00"
2025-08-20 22:59:51.619 +08:00 [INF] SystemMonitor.Service.Worker Worker running at: "2025-08-20T22:59:51.6198852+08:00"
2025-08-20 22:59:52.631 +08:00 [INF] SystemMonitor.Service.Worker Worker running at: "2025-08-20T22:59:52.6316266+08:00"
2025-08-20 22:59:53.639 +08:00 [INF] SystemMonitor.Service.Worker Worker running at: "2025-08-20T22:59:53.6396340+08:00"
2025-08-20 22:59:54.652 +08:00 [INF] SystemMonitor.Service.Worker Worker running at: "2025-08-20T22:59:54.6525033+08:00"
2025-08-20 22:59:55.657 +08:00 [INF] SystemMonitor.Service.Worker Worker running at: "2025-08-20T22:59:55.6575474+08:00"
2025-08-20 22:59:56.667 +08:00 [INF] SystemMonitor.Service.Worker Worker running at: "2025-08-20T22:59:56.6669717+08:00"
2025-08-20 22:59:57.680 +08:00 [INF] SystemMonitor.Service.Worker Worker running at: "2025-08-20T22:59:57.6806824+08:00"
2025-08-20 22:59:58.684 +08:00 [INF] SystemMonitor.Service.Worker Worker running at: "2025-08-20T22:59:58.6847132+08:00"
2025-08-20 22:59:59.690 +08:00 [INF] SystemMonitor.Service.Worker Worker running at: "2025-08-20T22:59:59.6905187+08:00"
2025-08-20 23:00:00.699 +08:00 [INF] SystemMonitor.Service.Worker Worker running at: "2025-08-20T23:00:00.6992161+08:00"
2025-08-20 23:00:01.713 +08:00 [INF] SystemMonitor.Service.Worker Worker running at: "2025-08-20T23:00:01.7135490+08:00"
2025-08-20 23:00:02.723 +08:00 [INF] SystemMonitor.Service.Worker Worker running at: "2025-08-20T23:00:02.7232191+08:00"
2025-08-20 23:00:03.731 +08:00 [INF] SystemMonitor.Service.Worker Worker running at: "2025-08-20T23:00:03.7317088+08:00"
2025-08-20 23:00:04.742 +08:00 [INF] SystemMonitor.Service.Worker Worker running at: "2025-08-20T23:00:04.7427762+08:00"
2025-08-20 23:00:05.754 +08:00 [INF] SystemMonitor.Service.Worker Worker running at: "2025-08-20T23:00:05.7544478+08:00"
2025-08-20 23:00:06.764 +08:00 [INF] SystemMonitor.Service.Worker Worker running at: "2025-08-20T23:00:06.7643712+08:00"
2025-08-20 23:00:07.773 +08:00 [INF] SystemMonitor.Service.Worker Worker running at: "2025-08-20T23:00:07.7738351+08:00"
2025-08-20 23:00:08.786 +08:00 [INF] SystemMonitor.Service.Worker Worker running at: "2025-08-20T23:00:08.7863329+08:00"
2025-08-20 23:00:09.788 +08:00 [INF] SystemMonitor.Service.Worker Worker running at: "2025-08-20T23:00:09.7882267+08:00"
2025-08-20 23:00:10.799 +08:00 [INF] SystemMonitor.Service.Worker Worker running at: "2025-08-20T23:00:10.7992278+08:00"
2025-08-20 23:00:11.810 +08:00 [INF] SystemMonitor.Service.Worker Worker running at: "2025-08-20T23:00:11.8106654+08:00"
2025-08-20 23:00:12.822 +08:00 [INF] SystemMonitor.Service.Worker Worker running at: "2025-08-20T23:00:12.8220312+08:00"
2025-08-20 23:00:13.831 +08:00 [INF] SystemMonitor.Service.Worker Worker running at: "2025-08-20T23:00:13.8316300+08:00"
2025-08-20 23:00:14.839 +08:00 [INF] SystemMonitor.Service.Worker Worker running at: "2025-08-20T23:00:14.8396513+08:00"
2025-08-20 23:00:15.854 +08:00 [INF] SystemMonitor.Service.Worker Worker running at: "2025-08-20T23:00:15.8545185+08:00"
2025-08-20 23:00:16.861 +08:00 [INF] SystemMonitor.Service.Worker Worker running at: "2025-08-20T23:00:16.8611324+08:00"
2025-08-20 23:00:17.868 +08:00 [INF] SystemMonitor.Service.Worker Worker running at: "2025-08-20T23:00:17.8681342+08:00"
2025-08-20 23:00:18.881 +08:00 [INF] SystemMonitor.Service.Worker Worker running at: "2025-08-20T23:00:18.8816575+08:00"
2025-08-20 23:00:19.891 +08:00 [INF] SystemMonitor.Service.Worker Worker running at: "2025-08-20T23:00:19.8911487+08:00"
2025-08-20 23:00:20.901 +08:00 [INF] SystemMonitor.Service.Worker Worker running at: "2025-08-20T23:00:20.9015353+08:00"
2025-08-20 23:00:21.915 +08:00 [INF] SystemMonitor.Service.Worker Worker running at: "2025-08-20T23:00:21.9151377+08:00"
2025-08-20 23:00:22.924 +08:00 [INF] SystemMonitor.Service.Worker Worker running at: "2025-08-20T23:00:22.9247529+08:00"
2025-08-20 23:00:23.932 +08:00 [INF] SystemMonitor.Service.Worker Worker running at: "2025-08-20T23:00:23.9323867+08:00"
2025-08-20 23:00:24.941 +08:00 [INF] SystemMonitor.Service.Worker Worker running at: "2025-08-20T23:00:24.9414901+08:00"
2025-08-20 23:00:25.948 +08:00 [INF] SystemMonitor.Service.Worker Worker running at: "2025-08-20T23:00:25.9482948+08:00"
2025-08-20 23:00:26.960 +08:00 [INF] SystemMonitor.Service.Worker Worker running at: "2025-08-20T23:00:26.9603710+08:00"
2025-08-20 23:00:27.961 +08:00 [INF] SystemMonitor.Service.Worker Worker running at: "2025-08-20T23:00:27.9618778+08:00"
2025-08-20 23:00:28.975 +08:00 [INF] SystemMonitor.Service.Worker Worker running at: "2025-08-20T23:00:28.9752393+08:00"
2025-08-20 23:00:29.980 +08:00 [INF] SystemMonitor.Service.Worker Worker running at: "2025-08-20T23:00:29.9805758+08:00"
2025-08-20 23:00:30.991 +08:00 [INF] SystemMonitor.Service.Worker Worker running at: "2025-08-20T23:00:30.9917086+08:00"
2025-08-20 23:00:32.006 +08:00 [INF] SystemMonitor.Service.Worker Worker running at: "2025-08-20T23:00:32.0064189+08:00"
2025-08-20 23:00:33.016 +08:00 [INF] SystemMonitor.Service.Worker Worker running at: "2025-08-20T23:00:33.0159886+08:00"
2025-08-20 23:00:34.021 +08:00 [INF] SystemMonitor.Service.Worker Worker running at: "2025-08-20T23:00:34.0210643+08:00"
2025-08-20 23:00:35.030 +08:00 [INF] SystemMonitor.Service.Worker Worker running at: "2025-08-20T23:00:35.0305036+08:00"
2025-08-20 23:00:36.042 +08:00 [INF] SystemMonitor.Service.Worker Worker running at: "2025-08-20T23:00:36.0422883+08:00"
2025-08-20 23:00:37.057 +08:00 [INF] SystemMonitor.Service.Worker Worker running at: "2025-08-20T23:00:37.0574811+08:00"
2025-08-20 23:00:38.064 +08:00 [INF] SystemMonitor.Service.Worker Worker running at: "2025-08-20T23:00:38.0644742+08:00"
2025-08-20 23:00:39.074 +08:00 [INF] SystemMonitor.Service.Worker Worker running at: "2025-08-20T23:00:39.0744007+08:00"
2025-08-20 23:00:39.807 +08:00 [INF] SystemMonitor.Service.Services.RpcHostedService 客户端已连接
2025-08-20 23:00:39.808 +08:00 [INF] SystemMonitor.Service.Services.RpcHostedService 客户端断开：已达到流的结尾。
2025-08-20 23:00:40.083 +08:00 [INF] SystemMonitor.Service.Worker Worker running at: "2025-08-20T23:00:40.0838615+08:00"
2025-08-20 23:00:41.093 +08:00 [INF] SystemMonitor.Service.Worker Worker running at: "2025-08-20T23:00:41.0928975+08:00"
2025-08-20 23:00:42.092 +08:00 [INF] SystemMonitor.Service.Worker Worker running at: "2025-08-20T23:00:42.0922440+08:00"
2025-08-20 23:00:43.105 +08:00 [INF] SystemMonitor.Service.Worker Worker running at: "2025-08-20T23:00:43.1050008+08:00"
2025-08-20 23:00:44.114 +08:00 [INF] SystemMonitor.Service.Worker Worker running at: "2025-08-20T23:00:44.1149157+08:00"
2025-08-20 23:00:45.121 +08:00 [INF] SystemMonitor.Service.Worker Worker running at: "2025-08-20T23:00:45.1217062+08:00"
2025-08-20 23:00:46.135 +08:00 [INF] SystemMonitor.Service.Worker Worker running at: "2025-08-20T23:00:46.1350880+08:00"
2025-08-20 23:00:47.147 +08:00 [INF] SystemMonitor.Service.Worker Worker running at: "2025-08-20T23:00:47.1471073+08:00"
2025-08-20 23:00:48.150 +08:00 [INF] SystemMonitor.Service.Worker Worker running at: "2025-08-20T23:00:48.1506026+08:00"
2025-08-20 23:00:49.160 +08:00 [INF] SystemMonitor.Service.Worker Worker running at: "2025-08-20T23:00:49.1608893+08:00"
2025-08-20 23:00:50.170 +08:00 [INF] SystemMonitor.Service.Worker Worker running at: "2025-08-20T23:00:50.1707554+08:00"
2025-08-20 23:00:51.182 +08:00 [INF] SystemMonitor.Service.Worker Worker running at: "2025-08-20T23:00:51.1827982+08:00"
2025-08-20 23:00:52.188 +08:00 [INF] SystemMonitor.Service.Worker Worker running at: "2025-08-20T23:00:52.1883778+08:00"
2025-08-20 23:00:53.199 +08:00 [INF] SystemMonitor.Service.Worker Worker running at: "2025-08-20T23:00:53.1991988+08:00"
2025-08-20 23:00:54.207 +08:00 [INF] SystemMonitor.Service.Worker Worker running at: "2025-08-20T23:00:54.2070956+08:00"
2025-08-20 23:00:55.213 +08:00 [INF] SystemMonitor.Service.Worker Worker running at: "2025-08-20T23:00:55.2133673+08:00"
2025-08-20 23:00:56.225 +08:00 [INF] SystemMonitor.Service.Worker Worker running at: "2025-08-20T23:00:56.2253558+08:00"
2025-08-20 23:00:57.239 +08:00 [INF] SystemMonitor.Service.Worker Worker running at: "2025-08-20T23:00:57.2389891+08:00"
2025-08-20 23:00:58.250 +08:00 [INF] SystemMonitor.Service.Worker Worker running at: "2025-08-20T23:00:58.2504971+08:00"
2025-08-20 23:00:59.256 +08:00 [INF] SystemMonitor.Service.Worker Worker running at: "2025-08-20T23:00:59.2561944+08:00"
2025-08-20 23:01:00.259 +08:00 [INF] SystemMonitor.Service.Worker Worker running at: "2025-08-20T23:01:00.2591375+08:00"
2025-08-20 23:01:01.265 +08:00 [INF] SystemMonitor.Service.Worker Worker running at: "2025-08-20T23:01:01.2649787+08:00"
2025-08-20 23:01:02.270 +08:00 [INF] SystemMonitor.Service.Worker Worker running at: "2025-08-20T23:01:02.2700465+08:00"
2025-08-20 23:01:03.274 +08:00 [INF] SystemMonitor.Service.Worker Worker running at: "2025-08-20T23:01:03.2740015+08:00"
2025-08-20 23:01:04.285 +08:00 [INF] SystemMonitor.Service.Worker Worker running at: "2025-08-20T23:01:04.2850367+08:00"
2025-08-20 23:01:05.296 +08:00 [INF] SystemMonitor.Service.Worker Worker running at: "2025-08-20T23:01:05.2961290+08:00"
2025-08-20 23:01:06.309 +08:00 [INF] SystemMonitor.Service.Worker Worker running at: "2025-08-20T23:01:06.3096405+08:00"
2025-08-20 23:01:07.318 +08:00 [INF] SystemMonitor.Service.Worker Worker running at: "2025-08-20T23:01:07.3184377+08:00"
2025-08-20 23:01:08.328 +08:00 [INF] SystemMonitor.Service.Worker Worker running at: "2025-08-20T23:01:08.3288583+08:00"
2025-08-20 23:01:09.341 +08:00 [INF] SystemMonitor.Service.Worker Worker running at: "2025-08-20T23:01:09.3416625+08:00"
2025-08-20 23:01:10.354 +08:00 [INF] SystemMonitor.Service.Worker Worker running at: "2025-08-20T23:01:10.3540286+08:00"
2025-08-20 23:01:11.367 +08:00 [INF] SystemMonitor.Service.Worker Worker running at: "2025-08-20T23:01:11.3672607+08:00"
2025-08-20 23:01:12.380 +08:00 [INF] SystemMonitor.Service.Worker Worker running at: "2025-08-20T23:01:12.3800767+08:00"
2025-08-20 23:01:13.393 +08:00 [INF] SystemMonitor.Service.Worker Worker running at: "2025-08-20T23:01:13.3931629+08:00"
2025-08-20 23:01:14.404 +08:00 [INF] SystemMonitor.Service.Worker Worker running at: "2025-08-20T23:01:14.4042171+08:00"
2025-08-20 23:01:15.411 +08:00 [INF] SystemMonitor.Service.Worker Worker running at: "2025-08-20T23:01:15.4115117+08:00"
2025-08-20 23:01:16.415 +08:00 [INF] SystemMonitor.Service.Worker Worker running at: "2025-08-20T23:01:16.4153715+08:00"
2025-08-20 23:01:17.419 +08:00 [INF] SystemMonitor.Service.Worker Worker running at: "2025-08-20T23:01:17.4194875+08:00"
2025-08-20 23:01:18.427 +08:00 [INF] SystemMonitor.Service.Worker Worker running at: "2025-08-20T23:01:18.4276060+08:00"
2025-08-20 23:01:19.436 +08:00 [INF] SystemMonitor.Service.Worker Worker running at: "2025-08-20T23:01:19.4359910+08:00"
2025-08-20 23:01:20.444 +08:00 [INF] SystemMonitor.Service.Worker Worker running at: "2025-08-20T23:01:20.4445383+08:00"
2025-08-20 23:01:21.453 +08:00 [INF] SystemMonitor.Service.Worker Worker running at: "2025-08-20T23:01:21.4537798+08:00"
2025-08-20 23:01:22.463 +08:00 [INF] SystemMonitor.Service.Worker Worker running at: "2025-08-20T23:01:22.4630360+08:00"
2025-08-20 23:01:23.474 +08:00 [INF] SystemMonitor.Service.Worker Worker running at: "2025-08-20T23:01:23.4742772+08:00"
2025-08-20 23:01:24.484 +08:00 [INF] SystemMonitor.Service.Worker Worker running at: "2025-08-20T23:01:24.4843973+08:00"
2025-08-20 23:01:25.492 +08:00 [INF] SystemMonitor.Service.Worker Worker running at: "2025-08-20T23:01:25.4927481+08:00"
2025-08-20 23:01:26.494 +08:00 [INF] SystemMonitor.Service.Worker Worker running at: "2025-08-20T23:01:26.4946721+08:00"
2025-08-20 23:01:27.502 +08:00 [INF] SystemMonitor.Service.Worker Worker running at: "2025-08-20T23:01:27.5025830+08:00"
2025-08-20 23:01:28.507 +08:00 [INF] SystemMonitor.Service.Worker Worker running at: "2025-08-20T23:01:28.5074934+08:00"
2025-08-20 23:01:29.515 +08:00 [INF] SystemMonitor.Service.Worker Worker running at: "2025-08-20T23:01:29.5159215+08:00"
2025-08-20 23:01:30.530 +08:00 [INF] SystemMonitor.Service.Worker Worker running at: "2025-08-20T23:01:30.5301302+08:00"
2025-08-20 23:01:31.540 +08:00 [INF] SystemMonitor.Service.Worker Worker running at: "2025-08-20T23:01:31.5403985+08:00"
2025-08-20 23:01:32.551 +08:00 [INF] SystemMonitor.Service.Worker Worker running at: "2025-08-20T23:01:32.5511706+08:00"
2025-08-20 23:01:33.560 +08:00 [INF] SystemMonitor.Service.Worker Worker running at: "2025-08-20T23:01:33.5606359+08:00"
2025-08-20 23:01:34.571 +08:00 [INF] SystemMonitor.Service.Worker Worker running at: "2025-08-20T23:01:34.5717998+08:00"
2025-08-20 23:01:35.579 +08:00 [INF] SystemMonitor.Service.Worker Worker running at: "2025-08-20T23:01:35.5792084+08:00"
2025-08-20 23:01:36.585 +08:00 [INF] SystemMonitor.Service.Worker Worker running at: "2025-08-20T23:01:36.5859130+08:00"
2025-08-20 23:01:37.589 +08:00 [INF] SystemMonitor.Service.Worker Worker running at: "2025-08-20T23:01:37.5899557+08:00"
2025-08-20 23:01:38.603 +08:00 [INF] SystemMonitor.Service.Worker Worker running at: "2025-08-20T23:01:38.6039515+08:00"
2025-08-20 23:01:39.608 +08:00 [INF] SystemMonitor.Service.Worker Worker running at: "2025-08-20T23:01:39.6087738+08:00"
2025-08-20 23:01:40.624 +08:00 [INF] SystemMonitor.Service.Worker Worker running at: "2025-08-20T23:01:40.6248755+08:00"
2025-08-20 23:01:41.630 +08:00 [INF] SystemMonitor.Service.Worker Worker running at: "2025-08-20T23:01:41.6305574+08:00"
2025-08-20 23:01:42.638 +08:00 [INF] SystemMonitor.Service.Worker Worker running at: "2025-08-20T23:01:42.6385104+08:00"
2025-08-20 23:01:43.649 +08:00 [INF] SystemMonitor.Service.Worker Worker running at: "2025-08-20T23:01:43.6497398+08:00"
2025-08-20 23:01:44.656 +08:00 [INF] SystemMonitor.Service.Worker Worker running at: "2025-08-20T23:01:44.6567794+08:00"
2025-08-20 23:01:45.668 +08:00 [INF] SystemMonitor.Service.Worker Worker running at: "2025-08-20T23:01:45.6682450+08:00"
2025-08-20 23:01:46.724 +08:00 [INF] SystemMonitor.Service.Worker Worker running at: "2025-08-20T23:01:46.7245807+08:00"
2025-08-20 23:01:47.728 +08:00 [INF] SystemMonitor.Service.Worker Worker running at: "2025-08-20T23:01:47.7288719+08:00"
2025-08-20 23:01:48.735 +08:00 [INF] SystemMonitor.Service.Worker Worker running at: "2025-08-20T23:01:48.7351843+08:00"
2025-08-20 23:01:49.745 +08:00 [INF] SystemMonitor.Service.Worker Worker running at: "2025-08-20T23:01:49.7451784+08:00"
2025-08-20 23:01:50.755 +08:00 [INF] SystemMonitor.Service.Worker Worker running at: "2025-08-20T23:01:50.7558295+08:00"
2025-08-20 23:01:51.765 +08:00 [INF] SystemMonitor.Service.Worker Worker running at: "2025-08-20T23:01:51.7654542+08:00"
2025-08-20 23:01:52.770 +08:00 [INF] SystemMonitor.Service.Worker Worker running at: "2025-08-20T23:01:52.7707387+08:00"
2025-08-20 23:01:53.776 +08:00 [INF] SystemMonitor.Service.Worker Worker running at: "2025-08-20T23:01:53.7763811+08:00"
2025-08-20 23:01:54.791 +08:00 [INF] SystemMonitor.Service.Worker Worker running at: "2025-08-20T23:01:54.7912354+08:00"
2025-08-20 23:01:55.802 +08:00 [INF] SystemMonitor.Service.Worker Worker running at: "2025-08-20T23:01:55.8023952+08:00"
2025-08-20 23:01:56.813 +08:00 [INF] SystemMonitor.Service.Worker Worker running at: "2025-08-20T23:01:56.8129805+08:00"
2025-08-20 23:01:57.820 +08:00 [INF] SystemMonitor.Service.Worker Worker running at: "2025-08-20T23:01:57.8206676+08:00"
2025-08-20 23:01:58.830 +08:00 [INF] SystemMonitor.Service.Worker Worker running at: "2025-08-20T23:01:58.8307053+08:00"
2025-08-20 23:01:59.841 +08:00 [INF] SystemMonitor.Service.Worker Worker running at: "2025-08-20T23:01:59.8412875+08:00"
2025-08-20 23:02:00.885 +08:00 [INF] SystemMonitor.Service.Worker Worker running at: "2025-08-20T23:02:00.8859281+08:00"
2025-08-20 23:02:01.891 +08:00 [INF] SystemMonitor.Service.Worker Worker running at: "2025-08-20T23:02:01.8912259+08:00"
2025-08-20 23:02:02.892 +08:00 [INF] SystemMonitor.Service.Worker Worker running at: "2025-08-20T23:02:02.8921887+08:00"
2025-08-20 23:02:03.901 +08:00 [INF] SystemMonitor.Service.Worker Worker running at: "2025-08-20T23:02:03.9011532+08:00"
2025-08-20 23:02:04.910 +08:00 [INF] SystemMonitor.Service.Worker Worker running at: "2025-08-20T23:02:04.9108608+08:00"
2025-08-20 23:02:05.921 +08:00 [INF] SystemMonitor.Service.Worker Worker running at: "2025-08-20T23:02:05.9218751+08:00"
2025-08-20 23:02:06.930 +08:00 [INF] SystemMonitor.Service.Worker Worker running at: "2025-08-20T23:02:06.9299941+08:00"
2025-08-20 23:02:07.939 +08:00 [INF] SystemMonitor.Service.Worker Worker running at: "2025-08-20T23:02:07.9395932+08:00"
2025-08-20 23:02:08.944 +08:00 [INF] SystemMonitor.Service.Worker Worker running at: "2025-08-20T23:02:08.9446453+08:00"
2025-08-20 23:02:09.948 +08:00 [INF] SystemMonitor.Service.Worker Worker running at: "2025-08-20T23:02:09.9482949+08:00"
2025-08-20 23:02:10.951 +08:00 [INF] SystemMonitor.Service.Worker Worker running at: "2025-08-20T23:02:10.9516297+08:00"
2025-08-20 23:02:11.954 +08:00 [INF] SystemMonitor.Service.Worker Worker running at: "2025-08-20T23:02:11.9549379+08:00"
2025-08-20 23:02:12.961 +08:00 [INF] SystemMonitor.Service.Worker Worker running at: "2025-08-20T23:02:12.9615386+08:00"
2025-08-20 23:02:13.969 +08:00 [INF] SystemMonitor.Service.Worker Worker running at: "2025-08-20T23:02:13.9697452+08:00"
2025-08-20 23:02:14.977 +08:00 [INF] SystemMonitor.Service.Worker Worker running at: "2025-08-20T23:02:14.9777404+08:00"
2025-08-20 23:02:15.982 +08:00 [INF] SystemMonitor.Service.Worker Worker running at: "2025-08-20T23:02:15.9826534+08:00"
2025-08-20 23:02:16.986 +08:00 [INF] SystemMonitor.Service.Worker Worker running at: "2025-08-20T23:02:16.9864978+08:00"
2025-08-20 23:02:17.992 +08:00 [INF] SystemMonitor.Service.Worker Worker running at: "2025-08-20T23:02:17.9926676+08:00"
2025-08-20 23:02:19.001 +08:00 [INF] SystemMonitor.Service.Worker Worker running at: "2025-08-20T23:02:19.0013264+08:00"
2025-08-20 23:02:20.006 +08:00 [INF] SystemMonitor.Service.Worker Worker running at: "2025-08-20T23:02:20.0068571+08:00"
2025-08-20 23:02:21.012 +08:00 [INF] SystemMonitor.Service.Worker Worker running at: "2025-08-20T23:02:21.0121746+08:00"
2025-08-20 23:02:22.017 +08:00 [INF] SystemMonitor.Service.Worker Worker running at: "2025-08-20T23:02:22.0175402+08:00"
2025-08-20 23:02:23.026 +08:00 [INF] SystemMonitor.Service.Worker Worker running at: "2025-08-20T23:02:23.0263508+08:00"
2025-08-20 23:02:24.038 +08:00 [INF] SystemMonitor.Service.Worker Worker running at: "2025-08-20T23:02:24.0380007+08:00"
2025-08-20 23:02:25.041 +08:00 [INF] SystemMonitor.Service.Worker Worker running at: "2025-08-20T23:02:25.0411222+08:00"
2025-08-20 23:02:26.044 +08:00 [INF] SystemMonitor.Service.Worker Worker running at: "2025-08-20T23:02:26.0444979+08:00"
2025-08-20 23:02:27.049 +08:00 [INF] SystemMonitor.Service.Worker Worker running at: "2025-08-20T23:02:27.0498170+08:00"
2025-08-20 23:02:28.049 +08:00 [INF] SystemMonitor.Service.Worker Worker running at: "2025-08-20T23:02:28.0497976+08:00"
2025-08-20 23:02:29.117 +08:00 [INF] SystemMonitor.Service.Worker Worker running at: "2025-08-20T23:02:29.1177890+08:00"
2025-08-20 23:02:29.256 +08:00 [INF] SystemMonitor.Service.Services.RpcHostedService 客户端断开：已达到流的结尾。
2025-08-20 23:02:30.118 +08:00 [INF] SystemMonitor.Service.Worker Worker running at: "2025-08-20T23:02:30.1187158+08:00"
2025-08-20 23:02:31.125 +08:00 [INF] SystemMonitor.Service.Worker Worker running at: "2025-08-20T23:02:31.1258389+08:00"
2025-08-20 23:02:32.136 +08:00 [INF] SystemMonitor.Service.Worker Worker running at: "2025-08-20T23:02:32.1360535+08:00"
2025-08-20 23:02:33.144 +08:00 [INF] SystemMonitor.Service.Worker Worker running at: "2025-08-20T23:02:33.1440423+08:00"
2025-08-20 23:02:34.174 +08:00 [INF] SystemMonitor.Service.Worker Worker running at: "2025-08-20T23:02:34.1749629+08:00"
2025-08-20 23:02:35.190 +08:00 [INF] SystemMonitor.Service.Worker Worker running at: "2025-08-20T23:02:35.1900485+08:00"
2025-08-20 23:02:36.192 +08:00 [INF] SystemMonitor.Service.Worker Worker running at: "2025-08-20T23:02:36.1927422+08:00"
2025-08-20 23:02:37.196 +08:00 [INF] SystemMonitor.Service.Worker Worker running at: "2025-08-20T23:02:37.1967078+08:00"
2025-08-20 23:02:38.204 +08:00 [INF] SystemMonitor.Service.Worker Worker running at: "2025-08-20T23:02:38.2043631+08:00"
2025-08-20 23:02:39.213 +08:00 [INF] SystemMonitor.Service.Worker Worker running at: "2025-08-20T23:02:39.2131247+08:00"
2025-08-20 23:02:40.224 +08:00 [INF] SystemMonitor.Service.Worker Worker running at: "2025-08-20T23:02:40.2245613+08:00"
2025-08-20 23:02:41.228 +08:00 [INF] SystemMonitor.Service.Worker Worker running at: "2025-08-20T23:02:41.2282554+08:00"
2025-08-20 23:02:42.236 +08:00 [INF] SystemMonitor.Service.Worker Worker running at: "2025-08-20T23:02:42.2360840+08:00"
2025-08-20 23:02:43.240 +08:00 [INF] SystemMonitor.Service.Worker Worker running at: "2025-08-20T23:02:43.2405558+08:00"
2025-08-20 23:02:44.249 +08:00 [INF] SystemMonitor.Service.Worker Worker running at: "2025-08-20T23:02:44.2493569+08:00"
2025-08-20 23:03:56.116 +08:00 [INF] SystemMonitor.Service.Worker Worker running at: "2025-08-20T23:03:56.1037149+08:00"
2025-08-20 23:03:56.153 +08:00 [INF] SystemMonitor.Service.Services.RpcHostedService RPC 服务启动，等待客户端连接…
2025-08-20 23:03:57.154 +08:00 [INF] SystemMonitor.Service.Worker Worker running at: "2025-08-20T23:03:57.1548240+08:00"
2025-08-20 23:03:58.164 +08:00 [INF] SystemMonitor.Service.Worker Worker running at: "2025-08-20T23:03:58.1643764+08:00"
2025-08-20 23:03:59.179 +08:00 [INF] SystemMonitor.Service.Worker Worker running at: "2025-08-20T23:03:59.1792217+08:00"
2025-08-20 23:04:00.192 +08:00 [INF] SystemMonitor.Service.Worker Worker running at: "2025-08-20T23:04:00.1926454+08:00"
2025-08-20 23:04:01.204 +08:00 [INF] SystemMonitor.Service.Worker Worker running at: "2025-08-20T23:04:01.2046175+08:00"
2025-08-20 23:04:02.219 +08:00 [INF] SystemMonitor.Service.Worker Worker running at: "2025-08-20T23:04:02.2191588+08:00"
2025-08-20 23:04:03.230 +08:00 [INF] SystemMonitor.Service.Worker Worker running at: "2025-08-20T23:04:03.2303207+08:00"
2025-08-20 23:04:04.242 +08:00 [INF] SystemMonitor.Service.Worker Worker running at: "2025-08-20T23:04:04.2425980+08:00"
2025-08-20 23:04:05.257 +08:00 [INF] SystemMonitor.Service.Worker Worker running at: "2025-08-20T23:04:05.2571673+08:00"
2025-08-20 23:04:06.267 +08:00 [INF] SystemMonitor.Service.Worker Worker running at: "2025-08-20T23:04:06.2672166+08:00"
2025-08-20 23:04:07.277 +08:00 [INF] SystemMonitor.Service.Worker Worker running at: "2025-08-20T23:04:07.2777610+08:00"
2025-08-20 23:04:08.287 +08:00 [INF] SystemMonitor.Service.Worker Worker running at: "2025-08-20T23:04:08.2872082+08:00"
2025-08-20 23:04:09.294 +08:00 [INF] SystemMonitor.Service.Worker Worker running at: "2025-08-20T23:04:09.2948348+08:00"
2025-08-20 23:04:10.312 +08:00 [INF] SystemMonitor.Service.Worker Worker running at: "2025-08-20T23:04:10.3129100+08:00"
2025-08-20 23:04:11.324 +08:00 [INF] SystemMonitor.Service.Worker Worker running at: "2025-08-20T23:04:11.3243090+08:00"
2025-08-20 23:04:12.334 +08:00 [INF] SystemMonitor.Service.Worker Worker running at: "2025-08-20T23:04:12.3349091+08:00"
2025-08-20 23:04:13.346 +08:00 [INF] SystemMonitor.Service.Worker Worker running at: "2025-08-20T23:04:13.3466649+08:00"
2025-08-20 23:04:14.356 +08:00 [INF] SystemMonitor.Service.Worker Worker running at: "2025-08-20T23:04:14.3562734+08:00"
2025-08-20 23:04:15.365 +08:00 [INF] SystemMonitor.Service.Worker Worker running at: "2025-08-20T23:04:15.3650986+08:00"
2025-08-20 23:04:16.373 +08:00 [INF] SystemMonitor.Service.Worker Worker running at: "2025-08-20T23:04:16.3736710+08:00"
2025-08-20 23:04:17.384 +08:00 [INF] SystemMonitor.Service.Worker Worker running at: "2025-08-20T23:04:17.3847334+08:00"
2025-08-20 23:04:18.394 +08:00 [INF] SystemMonitor.Service.Worker Worker running at: "2025-08-20T23:04:18.3943505+08:00"
2025-08-20 23:04:18.398 +08:00 [INF] SystemMonitor.Service.Services.RpcHostedService 客户端已连接
2025-08-20 23:04:18.558 +08:00 [INF] SystemMonitor.Service.Services.RpcHostedService subscribe_metrics: enable=true
2025-08-20 23:04:18.590 +08:00 [INF] SystemMonitor.Service.Services.RpcHostedService 客户端已连接
2025-08-20 23:04:18.590 +08:00 [INF] SystemMonitor.Service.Services.RpcHostedService 客户端断开：已达到流的结尾。
2025-08-20 23:04:18.602 +08:00 [INF] SystemMonitor.Service.Services.RpcHostedService hello ok: app=fe-mock proto=1 caps=[] session_id=14aa0c31-f43e-4040-af49-ad9a658a73d7
2025-08-20 23:04:18.606 +08:00 [INF] SystemMonitor.Service.Services.RpcHostedService 客户端断开：已达到流的结尾。
2025-08-20 23:04:19.393 +08:00 [INF] SystemMonitor.Service.Services.RpcHostedService 客户端已连接
2025-08-20 23:04:19.394 +08:00 [INF] SystemMonitor.Service.Worker Worker running at: "2025-08-20T23:04:19.3944438+08:00"
2025-08-20 23:04:19.396 +08:00 [INF] SystemMonitor.Service.Services.RpcHostedService subscribe_metrics: enable=true
2025-08-20 23:04:20.398 +08:00 [INF] SystemMonitor.Service.Worker Worker running at: "2025-08-20T23:04:20.3987954+08:00"
2025-08-20 23:04:21.406 +08:00 [INF] SystemMonitor.Service.Worker Worker running at: "2025-08-20T23:04:21.4063181+08:00"
2025-08-20 23:04:22.414 +08:00 [INF] SystemMonitor.Service.Worker Worker running at: "2025-08-20T23:04:22.4142198+08:00"
2025-08-20 23:04:23.426 +08:00 [INF] SystemMonitor.Service.Worker Worker running at: "2025-08-20T23:04:23.4267564+08:00"
2025-08-20 23:04:23.957 +08:00 [INF] SystemMonitor.Service.Services.RpcHostedService 客户端已连接
2025-08-20 23:04:23.959 +08:00 [INF] SystemMonitor.Service.Services.RpcHostedService snapshot called, modules=*
2025-08-20 23:04:23.962 +08:00 [INF] SystemMonitor.Service.Services.RpcHostedService 客户端断开：已达到流的结尾。
2025-08-20 23:04:24.443 +08:00 [INF] SystemMonitor.Service.Worker Worker running at: "2025-08-20T23:04:24.4418725+08:00"
2025-08-20 23:04:25.250 +08:00 [INF] SystemMonitor.Service.Services.RpcHostedService 客户端已连接
2025-08-20 23:04:25.251 +08:00 [INF] SystemMonitor.Service.Services.RpcHostedService snapshot called, modules=*
2025-08-20 23:04:25.253 +08:00 [INF] SystemMonitor.Service.Services.RpcHostedService 客户端断开：已达到流的结尾。
2025-08-20 23:04:25.452 +08:00 [INF] SystemMonitor.Service.Worker Worker running at: "2025-08-20T23:04:25.4521886+08:00"
2025-08-20 23:04:26.458 +08:00 [INF] SystemMonitor.Service.Worker Worker running at: "2025-08-20T23:04:26.4585799+08:00"
2025-08-20 23:04:26.485 +08:00 [INF] SystemMonitor.Service.Services.RpcHostedService 客户端已连接
2025-08-20 23:04:26.486 +08:00 [INF] SystemMonitor.Service.Services.RpcHostedService snapshot called, modules=*
2025-08-20 23:04:26.487 +08:00 [INF] SystemMonitor.Service.Services.RpcHostedService 客户端断开：已达到流的结尾。
2025-08-20 23:04:27.253 +08:00 [INF] SystemMonitor.Service.Services.RpcHostedService 客户端已连接
2025-08-20 23:04:27.254 +08:00 [INF] SystemMonitor.Service.Services.RpcHostedService snapshot called, modules=*
2025-08-20 23:04:27.254 +08:00 [INF] SystemMonitor.Service.Services.RpcHostedService 客户端断开：已达到流的结尾。
2025-08-20 23:04:27.469 +08:00 [INF] SystemMonitor.Service.Worker Worker running at: "2025-08-20T23:04:27.4695947+08:00"
2025-08-20 23:04:28.238 +08:00 [INF] SystemMonitor.Service.Services.RpcHostedService 客户端已连接
2025-08-20 23:04:28.239 +08:00 [INF] SystemMonitor.Service.Services.RpcHostedService snapshot called, modules=*
2025-08-20 23:04:28.240 +08:00 [INF] SystemMonitor.Service.Services.RpcHostedService 客户端断开：已达到流的结尾。
2025-08-20 23:04:28.480 +08:00 [INF] SystemMonitor.Service.Worker Worker running at: "2025-08-20T23:04:28.4807721+08:00"
2025-08-20 23:04:29.483 +08:00 [INF] SystemMonitor.Service.Worker Worker running at: "2025-08-20T23:04:29.4837477+08:00"
2025-08-20 23:04:30.493 +08:00 [INF] SystemMonitor.Service.Worker Worker running at: "2025-08-20T23:04:30.4936397+08:00"
2025-08-20 23:04:31.507 +08:00 [INF] SystemMonitor.Service.Worker Worker running at: "2025-08-20T23:04:31.5077408+08:00"
2025-08-20 23:04:31.597 +08:00 [INF] SystemMonitor.Service.Services.RpcHostedService 客户端已连接
2025-08-20 23:04:31.607 +08:00 [INF] SystemMonitor.Service.Services.RpcHostedService 客户端断开：已达到流的结尾。
2025-08-20 23:04:32.516 +08:00 [INF] SystemMonitor.Service.Worker Worker running at: "2025-08-20T23:04:32.5166083+08:00"
2025-08-20 23:04:32.726 +08:00 [INF] SystemMonitor.Service.Services.RpcHostedService 客户端已连接
2025-08-20 23:04:32.730 +08:00 [INF] SystemMonitor.Service.Services.RpcHostedService 客户端断开：已达到流的结尾。
2025-08-20 23:04:33.526 +08:00 [INF] SystemMonitor.Service.Worker Worker running at: "2025-08-20T23:04:33.5262433+08:00"
2025-08-20 23:04:33.629 +08:00 [INF] SystemMonitor.Service.Services.RpcHostedService 客户端已连接
2025-08-20 23:04:33.630 +08:00 [INF] SystemMonitor.Service.Services.RpcHostedService 客户端断开：已达到流的结尾。
2025-08-20 23:04:34.242 +08:00 [INF] SystemMonitor.Service.Services.RpcHostedService 客户端已连接
2025-08-20 23:04:34.243 +08:00 [INF] SystemMonitor.Service.Services.RpcHostedService 客户端断开：已达到流的结尾。
2025-08-20 23:04:34.535 +08:00 [INF] SystemMonitor.Service.Worker Worker running at: "2025-08-20T23:04:34.5356843+08:00"
2025-08-20 23:04:34.909 +08:00 [INF] SystemMonitor.Service.Services.RpcHostedService 客户端已连接
2025-08-20 23:04:34.911 +08:00 [INF] SystemMonitor.Service.Services.RpcHostedService 客户端断开：已达到流的结尾。
2025-08-20 23:04:35.393 +08:00 [INF] SystemMonitor.Service.Services.RpcHostedService 客户端已连接
2025-08-20 23:04:35.395 +08:00 [INF] SystemMonitor.Service.Services.RpcHostedService 客户端断开：已达到流的结尾。
2025-08-20 23:04:35.544 +08:00 [INF] SystemMonitor.Service.Worker Worker running at: "2025-08-20T23:04:35.5446768+08:00"
2025-08-20 23:04:35.645 +08:00 [INF] SystemMonitor.Service.Services.RpcHostedService 客户端已连接
2025-08-20 23:04:35.647 +08:00 [INF] SystemMonitor.Service.Services.RpcHostedService 客户端断开：已达到流的结尾。
2025-08-20 23:04:35.877 +08:00 [INF] SystemMonitor.Service.Services.RpcHostedService 客户端已连接
2025-08-20 23:04:35.879 +08:00 [INF] SystemMonitor.Service.Services.RpcHostedService 客户端断开：已达到流的结尾。
2025-08-20 23:04:36.361 +08:00 [INF] SystemMonitor.Service.Services.RpcHostedService 客户端已连接
2025-08-20 23:04:36.362 +08:00 [INF] SystemMonitor.Service.Services.RpcHostedService 客户端断开：已达到流的结尾。
2025-08-20 23:04:36.545 +08:00 [INF] SystemMonitor.Service.Services.RpcHostedService 客户端已连接
2025-08-20 23:04:36.545 +08:00 [INF] SystemMonitor.Service.Worker Worker running at: "2025-08-20T23:04:36.5457289+08:00"
2025-08-20 23:04:36.546 +08:00 [INF] SystemMonitor.Service.Services.RpcHostedService 客户端断开：已达到流的结尾。
2025-08-20 23:04:36.945 +08:00 [INF] SystemMonitor.Service.Services.RpcHostedService 客户端已连接
2025-08-20 23:04:36.946 +08:00 [INF] SystemMonitor.Service.Services.RpcHostedService 客户端断开：已达到流的结尾。
2025-08-20 23:04:37.128 +08:00 [INF] SystemMonitor.Service.Services.RpcHostedService 客户端已连接
2025-08-20 23:04:37.130 +08:00 [INF] SystemMonitor.Service.Services.RpcHostedService 客户端断开：已达到流的结尾。
2025-08-20 23:04:37.346 +08:00 [INF] SystemMonitor.Service.Services.RpcHostedService 客户端已连接
2025-08-20 23:04:37.347 +08:00 [INF] SystemMonitor.Service.Services.RpcHostedService 客户端断开：已达到流的结尾。
2025-08-20 23:04:37.550 +08:00 [INF] SystemMonitor.Service.Worker Worker running at: "2025-08-20T23:04:37.5506923+08:00"
2025-08-20 23:04:38.561 +08:00 [INF] SystemMonitor.Service.Worker Worker running at: "2025-08-20T23:04:38.5612202+08:00"
2025-08-20 23:04:39.568 +08:00 [INF] SystemMonitor.Service.Worker Worker running at: "2025-08-20T23:04:39.5685765+08:00"
2025-08-20 23:04:40.164 +08:00 [INF] SystemMonitor.Service.Services.RpcHostedService 客户端已连接
2025-08-20 23:04:40.166 +08:00 [INF] SystemMonitor.Service.Services.RpcHostedService 客户端断开：已达到流的结尾。
2025-08-20 23:04:40.576 +08:00 [INF] SystemMonitor.Service.Worker Worker running at: "2025-08-20T23:04:40.5760039+08:00"
2025-08-20 23:04:41.591 +08:00 [INF] SystemMonitor.Service.Worker Worker running at: "2025-08-20T23:04:41.5915069+08:00"
2025-08-20 23:04:42.597 +08:00 [INF] SystemMonitor.Service.Worker Worker running at: "2025-08-20T23:04:42.5978358+08:00"
2025-08-20 23:04:43.606 +08:00 [INF] SystemMonitor.Service.Worker Worker running at: "2025-08-20T23:04:43.6062094+08:00"
2025-08-20 23:04:43.661 +08:00 [INF] SystemMonitor.Service.Services.RpcHostedService 客户端已连接
2025-08-20 23:04:43.662 +08:00 [INF] SystemMonitor.Service.Services.RpcHostedService snapshot called, modules=*
2025-08-20 23:04:43.664 +08:00 [INF] SystemMonitor.Service.Services.RpcHostedService 客户端断开：已达到流的结尾。
2025-08-20 23:04:44.611 +08:00 [INF] SystemMonitor.Service.Worker Worker running at: "2025-08-20T23:04:44.6111709+08:00"
2025-08-20 23:04:45.218 +08:00 [INF] SystemMonitor.Service.Services.RpcHostedService 客户端已连接
2025-08-20 23:04:45.219 +08:00 [INF] SystemMonitor.Service.Services.RpcHostedService hello ok: app=fe-mock proto=1 caps=[] session_id=d3671e0d-2564-40ff-a703-9366586b616b
2025-08-20 23:04:45.220 +08:00 [INF] SystemMonitor.Service.Services.RpcHostedService 客户端断开：已达到流的结尾。
2025-08-20 23:04:45.621 +08:00 [INF] SystemMonitor.Service.Worker Worker running at: "2025-08-20T23:04:45.6215702+08:00"
2025-08-20 23:04:46.632 +08:00 [INF] SystemMonitor.Service.Worker Worker running at: "2025-08-20T23:04:46.6320874+08:00"
2025-08-20 23:04:47.642 +08:00 [INF] SystemMonitor.Service.Worker Worker running at: "2025-08-20T23:04:47.6422180+08:00"
2025-08-20 23:04:48.653 +08:00 [INF] SystemMonitor.Service.Worker Worker running at: "2025-08-20T23:04:48.6530744+08:00"
2025-08-20 23:04:49.660 +08:00 [INF] SystemMonitor.Service.Worker Worker running at: "2025-08-20T23:04:49.6603033+08:00"
2025-08-20 23:04:50.671 +08:00 [INF] SystemMonitor.Service.Worker Worker running at: "2025-08-20T23:04:50.6710226+08:00"
2025-08-20 23:04:51.676 +08:00 [INF] SystemMonitor.Service.Worker Worker running at: "2025-08-20T23:04:51.6762180+08:00"
2025-08-20 23:04:52.690 +08:00 [INF] SystemMonitor.Service.Worker Worker running at: "2025-08-20T23:04:52.6907739+08:00"
2025-08-20 23:04:53.699 +08:00 [INF] SystemMonitor.Service.Worker Worker running at: "2025-08-20T23:04:53.6997047+08:00"
2025-08-20 23:04:54.712 +08:00 [INF] SystemMonitor.Service.Worker Worker running at: "2025-08-20T23:04:54.7128910+08:00"
2025-08-20 23:04:55.723 +08:00 [INF] SystemMonitor.Service.Worker Worker running at: "2025-08-20T23:04:55.7229588+08:00"
2025-08-20 23:04:56.729 +08:00 [INF] SystemMonitor.Service.Worker Worker running at: "2025-08-20T23:04:56.7295781+08:00"
2025-08-20 23:04:57.737 +08:00 [INF] SystemMonitor.Service.Worker Worker running at: "2025-08-20T23:04:57.7378309+08:00"
2025-08-20 23:04:58.739 +08:00 [INF] SystemMonitor.Service.Worker Worker running at: "2025-08-20T23:04:58.7398728+08:00"
2025-08-20 23:04:59.751 +08:00 [INF] SystemMonitor.Service.Worker Worker running at: "2025-08-20T23:04:59.7518295+08:00"
2025-08-20 23:05:00.758 +08:00 [INF] SystemMonitor.Service.Worker Worker running at: "2025-08-20T23:05:00.7580576+08:00"
2025-08-20 23:05:01.769 +08:00 [INF] SystemMonitor.Service.Worker Worker running at: "2025-08-20T23:05:01.7698846+08:00"
2025-08-20 23:05:02.781 +08:00 [INF] SystemMonitor.Service.Worker Worker running at: "2025-08-20T23:05:02.7810415+08:00"
2025-08-20 23:05:03.792 +08:00 [INF] SystemMonitor.Service.Worker Worker running at: "2025-08-20T23:05:03.7929365+08:00"
2025-08-20 23:05:04.803 +08:00 [INF] SystemMonitor.Service.Worker Worker running at: "2025-08-20T23:05:04.8032571+08:00"
2025-08-20 23:05:05.816 +08:00 [INF] SystemMonitor.Service.Worker Worker running at: "2025-08-20T23:05:05.8161780+08:00"
2025-08-20 23:05:06.824 +08:00 [INF] SystemMonitor.Service.Worker Worker running at: "2025-08-20T23:05:06.8245840+08:00"
2025-08-20 23:05:07.827 +08:00 [INF] SystemMonitor.Service.Worker Worker running at: "2025-08-20T23:05:07.8277424+08:00"
2025-08-20 23:05:08.836 +08:00 [INF] SystemMonitor.Service.Worker Worker running at: "2025-08-20T23:05:08.8366001+08:00"
2025-08-20 23:05:09.850 +08:00 [INF] SystemMonitor.Service.Worker Worker running at: "2025-08-20T23:05:09.8500732+08:00"
2025-08-20 23:05:10.862 +08:00 [INF] SystemMonitor.Service.Worker Worker running at: "2025-08-20T23:05:10.8628261+08:00"
2025-08-20 23:05:11.871 +08:00 [INF] SystemMonitor.Service.Worker Worker running at: "2025-08-20T23:05:11.8717006+08:00"
2025-08-20 23:05:12.881 +08:00 [INF] SystemMonitor.Service.Worker Worker running at: "2025-08-20T23:05:12.8815926+08:00"
2025-08-20 23:05:13.893 +08:00 [INF] SystemMonitor.Service.Worker Worker running at: "2025-08-20T23:05:13.8932384+08:00"
2025-08-20 23:05:14.907 +08:00 [INF] SystemMonitor.Service.Worker Worker running at: "2025-08-20T23:05:14.9077156+08:00"
2025-08-20 23:05:15.919 +08:00 [INF] SystemMonitor.Service.Worker Worker running at: "2025-08-20T23:05:15.9190940+08:00"
2025-08-20 23:05:16.928 +08:00 [INF] SystemMonitor.Service.Worker Worker running at: "2025-08-20T23:05:16.9283836+08:00"
2025-08-20 23:05:17.933 +08:00 [INF] SystemMonitor.Service.Worker Worker running at: "2025-08-20T23:05:17.9335675+08:00"
2025-08-20 23:05:18.943 +08:00 [INF] SystemMonitor.Service.Worker Worker running at: "2025-08-20T23:05:18.9436549+08:00"
2025-08-20 23:05:19.954 +08:00 [INF] SystemMonitor.Service.Worker Worker running at: "2025-08-20T23:05:19.9547750+08:00"
2025-08-20 23:05:20.964 +08:00 [INF] SystemMonitor.Service.Worker Worker running at: "2025-08-20T23:05:20.9644689+08:00"
2025-08-20 23:05:21.976 +08:00 [INF] SystemMonitor.Service.Worker Worker running at: "2025-08-20T23:05:21.9768589+08:00"
2025-08-20 23:05:22.988 +08:00 [INF] SystemMonitor.Service.Worker Worker running at: "2025-08-20T23:05:22.9883960+08:00"
2025-08-20 23:05:23.996 +08:00 [INF] SystemMonitor.Service.Worker Worker running at: "2025-08-20T23:05:23.9968683+08:00"
2025-08-20 23:05:25.003 +08:00 [INF] SystemMonitor.Service.Worker Worker running at: "2025-08-20T23:05:25.0038019+08:00"
2025-08-20 23:05:26.016 +08:00 [INF] SystemMonitor.Service.Worker Worker running at: "2025-08-20T23:05:26.0163759+08:00"
2025-08-20 23:05:27.027 +08:00 [INF] SystemMonitor.Service.Worker Worker running at: "2025-08-20T23:05:27.0275948+08:00"
2025-08-20 23:05:28.037 +08:00 [INF] SystemMonitor.Service.Worker Worker running at: "2025-08-20T23:05:28.0375372+08:00"
2025-08-20 23:05:29.044 +08:00 [INF] SystemMonitor.Service.Worker Worker running at: "2025-08-20T23:05:29.0441340+08:00"
2025-08-20 23:05:30.050 +08:00 [INF] SystemMonitor.Service.Worker Worker running at: "2025-08-20T23:05:30.0506552+08:00"
2025-08-20 23:05:31.059 +08:00 [INF] SystemMonitor.Service.Worker Worker running at: "2025-08-20T23:05:31.0589881+08:00"
2025-08-20 23:05:32.073 +08:00 [INF] SystemMonitor.Service.Worker Worker running at: "2025-08-20T23:05:32.0731381+08:00"
